2023-11-01 20:32:00,129 [INFO] Activator:176 - 


2023-11-01 20:32:00,136 [INFO] Activator:177 - !SESSION log4j initialized
2023-11-01 20:32:05,812 [INFO] LogOutputStream:77 - [STDOUT_REDIRECT] 
2023-11-01 20:32:07,410 [INFO] ApplicationProperties:184 - Using Application install path: C:\ST\STM32CubeIDE_1.13.2\STM32CubeIDE\plugins\com.st.stm32cube.common.mx_6.9.2.202309101412
2023-11-01 20:32:07,435 [INFO] DbMcusXml:78 - Set database path to: C:\ST\STM32CubeIDE_1.13.2\STM32CubeIDE\plugins\com.st.stm32cube.common.mx_6.9.2.202309101412\\db\/mcu/
2023-11-01 20:32:07,435 [INFO] ApiDb:274 - Set plugin database path to: C:\ST\STM32CubeIDE_1.13.2\STM32CubeIDE\plugins\com.st.stm32cube.common.mx_6.9.2.202309101412\\db\/plugins/boardmanager/
2023-11-01 20:32:07,437 [WARN] ApiDb:259 - Overriding images path with different value:  => C:\ST\STM32CubeIDE_1.13.2\STM32CubeIDE\plugins\com.st.stm32cube.common.mx_6.9.2.202309101412\\db\/plugins/mcufinder/images/
2023-11-01 20:32:07,452 [INFO] ApiDb:250 - Set database path to: C:\Users\chris\.stmcufinder\plugins\mcufinder//mcu/
2023-11-01 20:32:07,453 [INFO] DbMcusAds:125 - Set database path to: C:\Users\chris\.stmcufinder\plugins\mcufinder//mcu/
2023-11-01 20:32:07,456 [INFO] CrossReferenceDbSqlite:203 - Set database path to: C:\Users\chris\.stmcufinder\plugins\mcufinder//mcu/cs/
2023-11-01 20:32:07,613 [INFO] RulesReader:64 - Compatibility file has been processed (293 Rules)
2023-11-01 20:32:07,690 [INFO] DbMcusXml:78 - Set database path to: C:\ST\STM32CubeIDE_1.13.2\STM32CubeIDE\plugins\com.st.stm32cube.common.mx_6.9.2.202309101412\\db\/mcu/
2023-11-01 20:32:07,690 [INFO] ApiDb:274 - Set plugin database path to: C:\ST\STM32CubeIDE_1.13.2\STM32CubeIDE\plugins\com.st.stm32cube.common.mx_6.9.2.202309101412\\db\/plugins/boardmanager/
2023-11-01 20:32:07,691 [INFO] ApiDb:261 - Set plugin images path to: C:\ST\STM32CubeIDE_1.13.2\STM32CubeIDE\plugins\com.st.stm32cube.common.mx_6.9.2.202309101412\\db\/plugins/mcufinder/images/
2023-11-01 20:32:07,691 [WARN] DbFile:41 - Overriding database path with different value: C:\Users\chris\.stmcufinder\plugins\mcufinder/ => C:\Users\chris\.stmcufinder\plugins\mcufinder
2023-11-01 20:32:07,691 [INFO] ApiDb:250 - Set database path to: C:\Users\chris\.stmcufinder\plugins\mcufinder//mcu/
2023-11-01 20:32:07,691 [WARN] DbFile:41 - Overriding database path with different value: C:\Users\chris\.stmcufinder\plugins\mcufinder/ => C:\Users\chris\.stmcufinder\plugins\mcufinder
2023-11-01 20:32:07,692 [INFO] DbMcusAds:125 - Set database path to: C:\Users\chris\.stmcufinder\plugins\mcufinder//mcu/
2023-11-01 20:32:07,692 [WARN] DbFile:41 - Overriding database path with different value: C:\Users\chris\.stmcufinder\plugins\mcufinder/ => C:\Users\chris\.stmcufinder\plugins\mcufinder
2023-11-01 20:32:07,692 [WARN] DbFile:41 - Overriding database path with different value: C:\Users\chris\.stmcufinder\plugins\mcufinder/ => C:\Users\chris\.stmcufinder\plugins\mcufinder
2023-11-01 20:32:07,692 [INFO] CrossReferenceDbSqlite:203 - Set database path to: C:\Users\chris\.stmcufinder\plugins\mcufinder//mcu/cs/
2023-11-01 20:32:07,781 [INFO] MainPanel:262 - HeapMemory: 268435456
2023-11-01 20:32:07,860 [INFO] DbMcusXml:78 - Set database path to: C:\ST\STM32CubeIDE_1.13.2\STM32CubeIDE\plugins\com.st.stm32cube.common.mx_6.9.2.202309101412\\db\/mcu/
2023-11-01 20:32:07,860 [INFO] ApiDb:274 - Set plugin database path to: C:\ST\STM32CubeIDE_1.13.2\STM32CubeIDE\plugins\com.st.stm32cube.common.mx_6.9.2.202309101412\\db\/plugins/boardmanager/
2023-11-01 20:32:07,860 [INFO] ApiDb:261 - Set plugin images path to: C:\ST\STM32CubeIDE_1.13.2\STM32CubeIDE\plugins\com.st.stm32cube.common.mx_6.9.2.202309101412\\db\/plugins/mcufinder/images/
2023-11-01 20:32:07,861 [WARN] DbFile:41 - Overriding database path with different value: C:\Users\chris\.stmcufinder\plugins\mcufinder/ => C:\Users\chris\.stmcufinder\plugins\mcufinder
2023-11-01 20:32:07,861 [INFO] ApiDb:250 - Set database path to: C:\Users\chris\.stmcufinder\plugins\mcufinder//mcu/
2023-11-01 20:32:07,861 [WARN] DbFile:41 - Overriding database path with different value: C:\Users\chris\.stmcufinder\plugins\mcufinder/ => C:\Users\chris\.stmcufinder\plugins\mcufinder
2023-11-01 20:32:07,861 [INFO] DbMcusAds:125 - Set database path to: C:\Users\chris\.stmcufinder\plugins\mcufinder//mcu/
2023-11-01 20:32:07,861 [WARN] DbFile:41 - Overriding database path with different value: C:\Users\chris\.stmcufinder\plugins\mcufinder/ => C:\Users\chris\.stmcufinder\plugins\mcufinder
2023-11-01 20:32:07,861 [WARN] DbFile:41 - Overriding database path with different value: C:\Users\chris\.stmcufinder\plugins\mcufinder/ => C:\Users\chris\.stmcufinder\plugins\mcufinder
2023-11-01 20:32:07,862 [INFO] CrossReferenceDbSqlite:203 - Set database path to: C:\Users\chris\.stmcufinder\plugins\mcufinder//mcu/cs/
2023-11-01 20:32:07,881 [INFO] ApplicationProperties:184 - Using Application install path: C:\ST\STM32CubeIDE_1.13.2\STM32CubeIDE\plugins\com.st.stm32cube.common.mx_6.9.2.202309101412
2023-11-01 20:32:07,883 [INFO] PluginManage:196 - Search for loadable plugins [exclusion list=, ]
2023-11-01 20:32:07,885 [INFO] PluginManage:310 - Check plugin analytics
2023-11-01 20:32:08,116 [INFO] AnalyticsPlugin:253 - Accepted Software Licenses: 
2023-11-01 20:32:08,116 [INFO] AnalyticsPlugin:255 - Accepted CMSIS Pack Licenses: 
2023-11-01 20:32:08,117 [INFO] AnalyticsPlugin:257 - Accepted Firmware Licenses: 
2023-11-01 20:32:08,120 [INFO] PluginManage:359 - Loaded plugin analytics (category:tool,tabindex:-1)
2023-11-01 20:32:08,122 [INFO] PluginManage:310 - Check plugin cadmodel
2023-11-01 20:32:08,135 [INFO] CADModel:105 - Init CAD model plugin
2023-11-01 20:32:08,137 [INFO] PluginManage:359 - Loaded plugin cadmodel (category:power,tabindex:5)
2023-11-01 20:32:08,139 [INFO] PluginManage:310 - Check plugin clock
2023-11-01 20:32:08,156 [INFO] PluginManage:359 - Loaded plugin clock (category:base,tabindex:2)
2023-11-01 20:32:08,156 [INFO] PluginManage:310 - Check plugin ddr
2023-11-01 20:32:08,159 [INFO] PluginManage:359 - Loaded plugin ddr (category:tool,tabindex:6)
2023-11-01 20:32:08,160 [INFO] PluginManage:310 - Check plugin filemanager
2023-11-01 20:32:08,326 [INFO] PluginManage:359 - Loaded plugin filemanager (category:base,tabindex:10)
2023-11-01 20:32:08,327 [INFO] PluginManage:310 - Check plugin ipmanager
2023-11-01 20:32:08,344 [INFO] PluginManage:359 - Loaded plugin ipmanager (category:base,tabindex:5)
2023-11-01 20:32:08,344 [INFO] PluginManage:310 - Check plugin lpbam
2023-11-01 20:32:08,373 [INFO] PluginManage:359 - Loaded plugin lpbam (category:base,tabindex:0)
2023-11-01 20:32:08,373 [INFO] PluginManage:310 - Check plugin memorymap
2023-11-01 20:32:08,395 [INFO] PluginManage:359 - Loaded plugin memorymap (category:base,tabindex:4)
2023-11-01 20:32:08,395 [INFO] PluginManage:310 - Check plugin pinoutandconfiguration
2023-11-01 20:32:08,402 [INFO] PluginManage:359 - Loaded plugin pinoutandconfiguration (category:base,tabindex:1)
2023-11-01 20:32:08,403 [INFO] PluginManage:310 - Check plugin pinoutconfig
2023-11-01 20:32:08,498 [WARN] SupportedApi:132 - Cannot load RTOS API schema: s4s-elt-must-match.1: The content of 'definitions' must match (annotation?, (simpleType | complexType)?, (unique | key | keyref)*)). A problem was found starting at: attribute.
2023-11-01 20:32:08,670 [INFO] PluginManage:359 - Loaded plugin pinoutconfig (category:base,tabindex:0)
2023-11-01 20:32:08,670 [INFO] PluginManage:310 - Check plugin power
2023-11-01 20:32:08,686 [INFO] PluginManage:359 - Loaded plugin power (category:power,tabindex:4)
2023-11-01 20:32:08,686 [INFO] PluginManage:310 - Check plugin projectmanager
2023-11-01 20:32:08,707 [INFO] PluginManage:359 - Loaded plugin projectmanager (category:projectmanager,tabindex:3)
2023-11-01 20:32:08,708 [INFO] PluginManage:310 - Check plugin thirdparty
2023-11-01 20:32:08,905 [INFO] PluginManage:359 - Loaded plugin thirdparty (category:base,tabindex:-1)
2023-11-01 20:32:08,905 [INFO] PluginManage:310 - Check plugin tools
2023-11-01 20:32:08,905 [WARN] IntegrityCheckThread:84 - waiting for thirdparty lock release [integrity check]
2023-11-01 20:32:08,907 [INFO] IntegrityCheckThread:86 - entering critical section [integrity check]
2023-11-01 20:32:08,907 [INFO] ThirdPartyUpdaterWithRetryManager:70 - Updater plugin not ready yet. [1/15]
2023-11-01 20:32:08,910 [INFO] PluginManage:359 - Loaded plugin tools (category:base,tabindex:7)
2023-11-01 20:32:08,910 [INFO] PluginManage:310 - Check plugin tutovideos
2023-11-01 20:32:09,148 [INFO] PluginManage:359 - Loaded plugin tutovideos (category:base,tabindex:-1)
2023-11-01 20:32:09,149 [INFO] PluginManage:310 - Check plugin updater
2023-11-01 20:32:09,161 [INFO] PluginManage:359 - Loaded plugin updater (category:base,tabindex:12)
2023-11-01 20:32:09,161 [INFO] PluginManage:310 - Check plugin userauth
2023-11-01 20:32:09,167 [INFO] UserAuth:113 - Init User Auth plugin
2023-11-01 20:32:09,167 [INFO] PluginManage:359 - Loaded plugin userauth (category:base,tabindex:14)
2023-11-01 20:32:09,168 [INFO] PluginManage:283 - PluginManage : Loaded plugins [17]
2023-11-01 20:32:09,495 [INFO] PinOutPanel:1499 - setPackage(No Configuration,No Configuration)
2023-11-01 20:32:09,693 [INFO] CADModel:165 - CPN selected for project level
2023-11-01 20:32:09,693 [INFO] CADModel:114 - Register for checkConnection events
2023-11-01 20:32:09,719 [INFO] IPUIPlugin:80 - create IPUIPlugin
2023-11-01 20:32:09,719 [INFO] PluginManager:220 - loadIPPluginJar : add adc
2023-11-01 20:32:09,723 [INFO] IPUIPlugin:80 - create IPUIPlugin
2023-11-01 20:32:09,723 [INFO] PluginManager:220 - loadIPPluginJar : add aes
2023-11-01 20:32:09,726 [INFO] IPUIPlugin:80 - create IPUIPlugin
2023-11-01 20:32:09,727 [INFO] PluginManager:220 - loadIPPluginJar : add can
2023-11-01 20:32:09,730 [INFO] IPUIPlugin:80 - create IPUIPlugin
2023-11-01 20:32:09,730 [INFO] PluginManager:220 - loadIPPluginJar : add comp
2023-11-01 20:32:09,735 [INFO] IPUIPlugin:80 - create IPUIPlugin
2023-11-01 20:32:09,735 [INFO] PluginManager:220 - loadIPPluginJar : add cryp
2023-11-01 20:32:09,740 [INFO] IPUIPlugin:80 - create IPUIPlugin
2023-11-01 20:32:09,740 [INFO] PluginManager:220 - loadIPPluginJar : add dfsdm
2023-11-01 20:32:09,750 [INFO] IPUIPlugin:80 - create IPUIPlugin
2023-11-01 20:32:09,750 [INFO] PluginManager:220 - loadIPPluginJar : add dma
2023-11-01 20:32:09,754 [INFO] IPUIPlugin:80 - create IPUIPlugin
2023-11-01 20:32:09,754 [INFO] PluginManager:220 - loadIPPluginJar : add dma3
2023-11-01 20:32:09,756 [INFO] IPUIPlugin:80 - create IPUIPlugin
2023-11-01 20:32:09,756 [INFO] PluginManager:220 - loadIPPluginJar : add fatfs
2023-11-01 20:32:09,763 [INFO] IPUIPlugin:80 - create IPUIPlugin
2023-11-01 20:32:09,763 [INFO] PluginManager:220 - loadIPPluginJar : add fmc
2023-11-01 20:32:09,769 [INFO] IPUIPlugin:80 - create IPUIPlugin
2023-11-01 20:32:09,769 [INFO] PluginManager:220 - loadIPPluginJar : add freertos
2023-11-01 20:32:09,770 [INFO] IPUIPlugin:80 - create IPUIPlugin
2023-11-01 20:32:09,771 [INFO] PluginManager:220 - loadIPPluginJar : add genericplugin
2023-11-01 20:32:09,773 [INFO] IPUIPlugin:80 - create IPUIPlugin
2023-11-01 20:32:09,773 [INFO] PluginManager:220 - loadIPPluginJar : add gfxmmu
2023-11-01 20:32:09,779 [INFO] IPUIPlugin:80 - create IPUIPlugin
2023-11-01 20:32:09,780 [INFO] PluginManager:220 - loadIPPluginJar : add gic
2023-11-01 20:32:09,786 [INFO] IPUIPlugin:80 - create IPUIPlugin
2023-11-01 20:32:09,786 [INFO] PluginManager:220 - loadIPPluginJar : add gpio
2023-11-01 20:32:09,789 [INFO] IPUIPlugin:80 - create IPUIPlugin
2023-11-01 20:32:09,789 [INFO] PluginManager:220 - loadIPPluginJar : add gtzc
2023-11-01 20:32:09,792 [INFO] IPUIPlugin:80 - create IPUIPlugin
2023-11-01 20:32:09,792 [INFO] PluginManager:220 - loadIPPluginJar : add hash
2023-11-01 20:32:09,795 [INFO] IPUIPlugin:80 - create IPUIPlugin
2023-11-01 20:32:09,795 [INFO] PluginManager:220 - loadIPPluginJar : add i2c
2023-11-01 20:32:09,798 [INFO] IPUIPlugin:80 - create IPUIPlugin
2023-11-01 20:32:09,798 [INFO] PluginManager:220 - loadIPPluginJar : add i2s
2023-11-01 20:32:09,801 [INFO] IPUIPlugin:80 - create IPUIPlugin
2023-11-01 20:32:09,802 [INFO] PluginManager:220 - loadIPPluginJar : add i3c
2023-11-01 20:32:09,807 [INFO] IPUIPlugin:80 - create IPUIPlugin
2023-11-01 20:32:09,807 [INFO] PluginManager:220 - loadIPPluginJar : add ipddr
2023-11-01 20:32:09,817 [INFO] IPUIPlugin:80 - create IPUIPlugin
2023-11-01 20:32:09,818 [INFO] PluginManager:220 - loadIPPluginJar : add linkedlist
2023-11-01 20:32:09,821 [INFO] IPUIPlugin:80 - create IPUIPlugin
2023-11-01 20:32:09,822 [INFO] PluginManager:220 - loadIPPluginJar : add lorawan
2023-11-01 20:32:09,823 [INFO] IPUIPlugin:80 - create IPUIPlugin
2023-11-01 20:32:09,824 [INFO] PluginManager:220 - loadIPPluginJar : add ltdc
2023-11-01 20:32:09,832 [INFO] IPUIPlugin:80 - create IPUIPlugin
2023-11-01 20:32:09,832 [INFO] PluginManager:220 - loadIPPluginJar : add mdma
2023-11-01 20:32:09,837 [INFO] IPUIPlugin:80 - create IPUIPlugin
2023-11-01 20:32:09,838 [INFO] PluginManager:220 - loadIPPluginJar : add nvic
2023-11-01 20:32:09,841 [INFO] IPUIPlugin:80 - create IPUIPlugin
2023-11-01 20:32:09,841 [INFO] PluginManager:220 - loadIPPluginJar : add opamp
2023-11-01 20:32:09,844 [INFO] IPUIPlugin:80 - create IPUIPlugin
2023-11-01 20:32:09,845 [INFO] PluginManager:220 - loadIPPluginJar : add openamp
2023-11-01 20:32:09,848 [INFO] IPUIPlugin:80 - create IPUIPlugin
2023-11-01 20:32:09,848 [INFO] PluginManager:220 - loadIPPluginJar : add pdm2pcm
2023-11-01 20:32:09,855 [INFO] IPUIPlugin:80 - create IPUIPlugin
2023-11-01 20:32:09,858 [INFO] PluginManager:220 - loadIPPluginJar : add plateformsettings
2023-11-01 20:32:09,860 [INFO] IPUIPlugin:80 - create IPUIPlugin
2023-11-01 20:32:09,860 [INFO] PluginManager:220 - loadIPPluginJar : add quadspi
2023-11-01 20:32:09,863 [INFO] IPUIPlugin:80 - create IPUIPlugin
2023-11-01 20:32:09,863 [INFO] PluginManager:220 - loadIPPluginJar : add resmgrutility
2023-11-01 20:32:09,865 [INFO] IPUIPlugin:80 - create IPUIPlugin
2023-11-01 20:32:09,866 [INFO] PluginManager:220 - loadIPPluginJar : add sai
2023-11-01 20:32:09,867 [INFO] IPUIPlugin:80 - create IPUIPlugin
2023-11-01 20:32:09,868 [INFO] PluginManager:220 - loadIPPluginJar : add spi
2023-11-01 20:32:09,872 [INFO] IPUIPlugin:80 - create IPUIPlugin
2023-11-01 20:32:09,872 [INFO] PluginManager:220 - loadIPPluginJar : add stm32_wpan
2023-11-01 20:32:09,874 [INFO] IPUIPlugin:80 - create IPUIPlugin
2023-11-01 20:32:09,874 [INFO] PluginManager:220 - loadIPPluginJar : add tim
2023-11-01 20:32:09,877 [INFO] IPUIPlugin:80 - create IPUIPlugin
2023-11-01 20:32:09,877 [INFO] PluginManager:220 - loadIPPluginJar : add touchsensing
2023-11-01 20:32:09,879 [INFO] IPUIPlugin:80 - create IPUIPlugin
2023-11-01 20:32:09,879 [INFO] PluginManager:220 - loadIPPluginJar : add tracer_emb
2023-11-01 20:32:09,881 [INFO] IPUIPlugin:80 - create IPUIPlugin
2023-11-01 20:32:09,881 [INFO] PluginManager:220 - loadIPPluginJar : add ts
2023-11-01 20:32:09,882 [INFO] IPUIPlugin:80 - create IPUIPlugin
2023-11-01 20:32:09,882 [INFO] PluginManager:220 - loadIPPluginJar : add tsc
2023-11-01 20:32:09,883 [INFO] IPUIPlugin:80 - create IPUIPlugin
2023-11-01 20:32:09,884 [INFO] PluginManager:220 - loadIPPluginJar : add ucpd
2023-11-01 20:32:09,886 [INFO] IPUIPlugin:80 - create IPUIPlugin
2023-11-01 20:32:09,886 [INFO] PluginManager:220 - loadIPPluginJar : add usart
2023-11-01 20:32:09,888 [INFO] IPUIPlugin:80 - create IPUIPlugin
2023-11-01 20:32:09,889 [INFO] PluginManager:220 - loadIPPluginJar : add usbx
2023-11-01 20:32:10,021 [INFO] CADModel:165 - CPN selected for project level
2023-11-01 20:32:10,021 [INFO] CADModel:114 - Register for checkConnection events
2023-11-01 20:32:10,022 [FATAL] Updater:308 - Updater called before beeing initialized
2023-11-01 20:32:10,022 [ERROR] CADModel:125 - Updater not yet initialized, retry later 
2023-11-01 20:32:10,197 [INFO] CADModel:165 - CPN selected for project level
2023-11-01 20:32:10,197 [INFO] CADModel:114 - Register for checkConnection events
2023-11-01 20:32:10,197 [FATAL] Updater:308 - Updater called before beeing initialized
2023-11-01 20:32:10,197 [ERROR] CADModel:125 - Updater not yet initialized, retry later 
2023-11-01 20:32:10,202 [FATAL] Updater:308 - Updater called before beeing initialized
2023-11-01 20:32:10,357 [FATAL] Updater:308 - Updater called before beeing initialized
2023-11-01 20:32:10,365 [INFO] DbMcusAds:53 - JSON generation date=Tue Mar 07 03:50:55 EST 2023 (1678179055114)
2023-11-01 20:32:10,365 [FATAL] Updater:308 - Updater called before beeing initialized
2023-11-01 20:32:10,400 [WARN] DetailPanel:346 - Failed to get advertising image, set to default
2023-11-01 20:32:10,499 [FATAL] Updater:308 - Updater called before beeing initialized
2023-11-01 20:32:10,501 [FATAL] Updater:308 - Updater called before beeing initialized
2023-11-01 20:32:10,502 [FATAL] Updater:308 - Updater called before beeing initialized
2023-11-01 20:32:10,502 [WARN] DetailPanel:346 - Failed to get advertising image, set to default
2023-11-01 20:32:10,506 [FATAL] Updater:308 - Updater called before beeing initialized
2023-11-01 20:32:10,560 [ERROR] Updater:1120 - MainUpdater not yet initialized. External WinMGr cannot be set.
2023-11-01 20:32:10,562 [INFO] Updater:1056 - Updater Version found : 6.9.2
2023-11-01 20:32:10,583 [INFO] ApplicationProperties:184 - Using Application install path: C:\ST\STM32CubeIDE_1.13.2\STM32CubeIDE\plugins\com.st.stm32cube.common.mx_6.9.2.202309101412
2023-11-01 20:32:10,775 [INFO] MainUpdater:2868 - connection check result : 10
2023-11-01 20:32:10,776 [INFO] MainUpdater:285 - Updater Check For Update Now.
2023-11-01 20:32:10,776 [INFO] MicroXplorer:498 - Change Database Version : DB.6.0.92
2023-11-01 20:32:10,787 [INFO] McuFinderGlobals:63 - Set McuFinder mode to 2 (CubeIDE integrated)
2023-11-01 20:32:10,984 [INFO] CheckServerUpdateThread:120 - End of CheckServer Thread
2023-11-01 20:32:12,108 [WARN] PackLoader:240 - Cannot read IP mode file for STMicroelectronics.X-CUBE-SMBUS.2.1.0
2023-11-01 20:32:12,162 [WARN] PackLoader:240 - Cannot read IP mode file for STMicroelectronics.X-CUBE-AZRTOS-F7.1.1.0
2023-11-01 20:32:12,184 [WARN] PackLoader:240 - Cannot read IP mode file for STMicroelectronics.FP-SNS-MOTENV1.4.3.2
2023-11-01 20:32:12,194 [WARN] PackLoader:240 - Cannot read IP mode file for STMicroelectronics.FP-SNS-FLIGHT1.5.0.2
2023-11-01 20:32:12,210 [WARN] PackLoader:240 - Cannot read IP mode file for STMicroelectronics.X-CUBE-DISPLAY.3.0.0
2023-11-01 20:32:12,233 [WARN] PackLoader:240 - Cannot read IP mode file for STMicroelectronics.X-CUBE-BLE1.7.0.0
2023-11-01 20:32:12,242 [WARN] PackLoader:240 - Cannot read IP mode file for emotas.I-CUBE-CANOPEN.1.3.0
2023-11-01 20:32:12,253 [WARN] PackLoader:240 - Cannot read IP mode file for STMicroelectronics.X-CUBE-TOUCHGFX.4.22.1
2023-11-01 20:32:12,260 [WARN] PackLoader:240 - Cannot read IP mode file for STMicroelectronics.FP-SNS-SMARTAG2.1.2.0
2023-11-01 20:32:12,279 [INFO] LogOutputStream:77 - [STDOUT_REDIRECT] 1 : Invalid condition id : UX_CORESTACK_Condition cause : null
2023-11-01 20:32:12,280 [INFO] LogOutputStream:77 - [STDOUT_REDIRECT] 1 : Invalid condition id : UX_CORESTACK_Condition cause : null
2023-11-01 20:32:12,282 [INFO] LogOutputStream:77 - [STDOUT_REDIRECT] 1 : Invalid condition id : UX_CORESTACK_Condition cause : null
2023-11-01 20:32:12,283 [INFO] LogOutputStream:77 - [STDOUT_REDIRECT] 1 : Invalid condition id : UX_CORESTACK_Condition cause : null
2023-11-01 20:32:12,284 [INFO] LogOutputStream:77 - [STDOUT_REDIRECT] 1 : Invalid condition id : UX_CORESTACK_Condition cause : null
2023-11-01 20:32:12,290 [WARN] PackLoader:240 - Cannot read IP mode file for STMicroelectronics.X-CUBE-AZRTOS-WL.2.0.0
2023-11-01 20:32:12,302 [WARN] PackLoader:240 - Cannot read IP mode file for WES.I-CUBE-Cesium.1.3.0
2023-11-01 20:32:12,307 [WARN] PackLoader:240 - Cannot read IP mode file for STMicroelectronics.X-CUBE-BLE2.3.3.0
2023-11-01 20:32:12,318 [WARN] PackLoader:240 - Cannot read IP mode file for STMicroelectronics.X-CUBE-ALGOBUILD.1.3.0
2023-11-01 20:32:12,341 [WARN] PackLoader:240 - Cannot read IP mode file for STMicroelectronics.X-CUBE-AZRTOS-G0.1.1.0
2023-11-01 20:32:12,359 [WARN] PackLoader:240 - Cannot read IP mode file for STMicroelectronics.X-CUBE-NFC4.3.0.0
2023-11-01 20:32:12,372 [WARN] PackLoader:240 - Cannot read IP mode file for STMicroelectronics.X-CUBE-BLEMGR.3.0.0
2023-11-01 20:32:12,379 [WARN] PackLoader:240 - Cannot read IP mode file for STMicroelectronics.FP-ATR-SIGFOX1.3.2.0
2023-11-01 20:32:12,414 [WARN] PackLoader:240 - Cannot read IP mode file for SEGGER.I-CUBE-embOS.1.3.1
2023-11-01 20:32:12,458 [WARN] PackLoader:240 - Cannot read IP mode file for STMicroelectronics.X-CUBE-GNSS1.6.0.0
2023-11-01 20:32:12,484 [WARN] PackLoader:240 - Cannot read IP mode file for STMicroelectronics.X-CUBE-AZRTOS-F4.1.1.0
2023-11-01 20:32:12,494 [WARN] PackLoader:240 - Cannot read IP mode file for wolfSSL.I-CUBE-wolfSSL.5.6.3
2023-11-01 20:32:12,515 [WARN] PackLoader:240 - Cannot read IP mode file for STMicroelectronics.X-CUBE-AZRTOS-L5.2.0.0
2023-11-01 20:32:12,525 [WARN] PackLoader:240 - Cannot read IP mode file for STMicroelectronics.X-CUBE-EEPRMA1.4.2.0
2023-11-01 20:32:12,533 [WARN] PackLoader:240 - Cannot read IP mode file for ITTIA_DB.I-CUBE-ITTIADB.8.8.0
2023-11-01 20:32:12,540 [WARN] PackLoader:240 - Cannot read IP mode file for STMicroelectronics.X-CUBE-BLEMGR.2.0.0
2023-11-01 20:32:12,556 [WARN] ConditionMgr:438 - getConditionDescription Invalid condition id : UX DEVICE CLASS RTOS Condition cause : null
2023-11-01 20:32:12,556 [WARN] ConditionMgr:438 - getConditionDescription Invalid condition id : UX DEVICE CLASS RTOS Condition cause : null
2023-11-01 20:32:12,559 [WARN] PackLoader:240 - Cannot read IP mode file for STMicroelectronics.X-CUBE-AZRTOS-H7.3.1.0
2023-11-01 20:32:12,561 [WARN] ConditionMgr:1039 - genDependencies : Invalid condition id : UX DEVICE CLASS RTOS Condition cause : null
2023-11-01 20:32:12,561 [WARN] ConditionMgr:1039 - genDependencies : Invalid condition id : UX DEVICE CLASS RTOS Condition cause : null
2023-11-01 20:32:12,562 [WARN] ConditionMgr:1039 - genDependencies : Invalid condition id : UX DEVICE CLASS RTOS Condition cause : null
2023-11-01 20:32:12,562 [WARN] ConditionMgr:1039 - genDependencies : Invalid condition id : UX DEVICE CLASS RTOS Condition cause : null
2023-11-01 20:32:12,563 [WARN] ConditionMgr:1039 - genDependencies : Invalid condition id : UX DEVICE CLASS RTOS Condition cause : null
2023-11-01 20:32:12,569 [WARN] PackLoader:240 - Cannot read IP mode file for STMicroelectronics.X-CUBE-NFC7.1.0.1
2023-11-01 20:32:12,579 [WARN] PackLoader:240 - Cannot read IP mode file for STMicroelectronics.X-CUBE-NFC6.3.0.0
2023-11-01 20:32:12,593 [WARN] PackLoader:240 - Cannot read IP mode file for STMicroelectronics.X-CUBE-EEPRMA1.4.1.0
2023-11-01 20:32:12,598 [WARN] PackLoader:240 - Cannot read IP mode file for STMicroelectronics.X-CUBE-AI.8.1.0
2023-11-01 20:32:12,618 [WARN] ConditionMgr:438 - getConditionDescription Invalid condition id : LAN8742 Phy interface Condition cause : null
2023-11-01 20:32:12,619 [WARN] PackLoader:240 - Cannot read IP mode file for STMicroelectronics.X-CUBE-AZRTOS-L4.2.0.0
2023-11-01 20:32:12,621 [WARN] ConditionMgr:1039 - genDependencies : Invalid condition id : LAN8742 Phy interface Condition cause : null
2023-11-01 20:32:12,621 [WARN] ConditionMgr:1039 - genDependencies : Invalid condition id : LAN8742 Phy interface Condition cause : null
2023-11-01 20:32:12,622 [WARN] ConditionMgr:1039 - genDependencies : Invalid condition id : LAN8742 Phy interface Condition cause : null
2023-11-01 20:32:12,632 [WARN] PackLoader:240 - Cannot read IP mode file for STMicroelectronics.X-CUBE-SFXS2LP1.4.0.0
2023-11-01 20:32:12,637 [WARN] PackLoader:240 - Cannot read IP mode file for STMicroelectronics.X-CUBE-ISPU.1.1.0
2023-11-01 20:32:12,649 [WARN] ConditionMgr:438 - getConditionDescription Invalid condition id : UX DEVICE CLASS RTOS Condition cause : null
2023-11-01 20:32:12,650 [WARN] ConditionMgr:438 - getConditionDescription Invalid condition id : UX DEVICE CLASS RTOS Condition cause : null
2023-11-01 20:32:12,651 [WARN] PackLoader:240 - Cannot read IP mode file for STMicroelectronics.X-CUBE-AZRTOS-WB.2.0.0
2023-11-01 20:32:12,652 [WARN] ConditionMgr:1039 - genDependencies : Invalid condition id : UX DEVICE CLASS RTOS Condition cause : null
2023-11-01 20:32:12,652 [WARN] ConditionMgr:1039 - genDependencies : Invalid condition id : UX DEVICE CLASS RTOS Condition cause : null
2023-11-01 20:32:12,653 [WARN] ConditionMgr:1039 - genDependencies : Invalid condition id : UX DEVICE CLASS RTOS Condition cause : null
2023-11-01 20:32:12,653 [WARN] ConditionMgr:1039 - genDependencies : Invalid condition id : UX DEVICE CLASS RTOS Condition cause : null
2023-11-01 20:32:12,653 [WARN] ConditionMgr:1039 - genDependencies : Invalid condition id : UX DEVICE CLASS RTOS Condition cause : null
2023-11-01 20:32:12,662 [WARN] PackLoader:240 - Cannot read IP mode file for STMicroelectronics.X-CUBE-SUBG2.5.0.0
2023-11-01 20:32:12,673 [WARN] PackLoader:240 - Cannot read IP mode file for STMicroelectronics.X-CUBE-TOF1.3.3.1
2023-11-01 20:32:12,696 [WARN] PackLoader:240 - Cannot read IP mode file for STMicroelectronics.X-CUBE-AZRTOS-G4.2.0.0
2023-11-01 20:32:12,708 [WARN] PackLoader:240 - Cannot read IP mode file for Infineon.AIROC-Wi-Fi-Bluetooth-STM32.1.5.1
2023-11-01 20:32:12,739 [WARN] PackLoader:240 - Cannot read IP mode file for STMicroelectronics.X-CUBE-MEMS1.10.0.0
2023-11-01 20:32:12,891 [WARN] PackLoader:240 - Cannot read IP mode file for STMicroelectronics.X-CUBE-FREERTOS.1.1.0
2023-11-01 20:32:12,896 [WARN] PackLoader:240 - Cannot read IP mode file for portGmbH.I-Cube-SoM-uGOAL.1.1.0
2023-11-01 20:32:12,900 [WARN] PackLoader:240 - Cannot read IP mode file for STMicroelectronics.X-CUBE-ALS.1.0.1
2023-11-01 20:32:12,904 [WARN] PackLoader:240 - Cannot read IP mode file for STMicroelectronics.FP-ATR-ASTRA1.2.0.0
2023-11-01 20:32:12,905 [INFO] ThirdParty:978 - Integrity check success = true
2023-11-01 20:32:12,906 [INFO] IntegrityCheckThread:100 - exiting critical section [integrity check]
2023-11-01 20:32:12,906 [INFO] IntegrityCheckThread:103 - End integrity checks thread
2023-11-01 20:32:32,901 [ERROR] LogOutputStream:75 - [STDERR_REDIRECT] SLF4J: Failed to load class "org.slf4j.impl.StaticLoggerBinder".
2023-11-01 20:32:32,902 [ERROR] LogOutputStream:75 - [STDERR_REDIRECT] SLF4J: Defaulting to no-operation (NOP) logger implementation
2023-11-01 20:32:32,904 [ERROR] LogOutputStream:75 - [STDERR_REDIRECT] SLF4J: See http://www.slf4j.org/codes.html#StaticLoggerBinder for further details.
2023-11-01 21:05:19,871 [INFO] Activator:176 - 


2023-11-01 21:05:19,875 [INFO] Activator:177 - !SESSION log4j initialized
2023-11-01 21:05:26,967 [INFO] LogOutputStream:77 - [STDOUT_REDIRECT] 
2023-11-01 21:05:33,089 [INFO] ApplicationProperties:184 - Using Application install path: C:\ST\STM32CubeIDE_1.13.2\STM32CubeIDE\plugins\com.st.stm32cube.common.mx_6.9.2.202309101412
2023-11-01 21:05:33,122 [INFO] DbMcusXml:78 - Set database path to: C:\ST\STM32CubeIDE_1.13.2\STM32CubeIDE\plugins\com.st.stm32cube.common.mx_6.9.2.202309101412\\db\/mcu/
2023-11-01 21:05:33,122 [INFO] ApiDb:274 - Set plugin database path to: C:\ST\STM32CubeIDE_1.13.2\STM32CubeIDE\plugins\com.st.stm32cube.common.mx_6.9.2.202309101412\\db\/plugins/boardmanager/
2023-11-01 21:05:33,123 [WARN] ApiDb:259 - Overriding images path with different value:  => C:\ST\STM32CubeIDE_1.13.2\STM32CubeIDE\plugins\com.st.stm32cube.common.mx_6.9.2.202309101412\\db\/plugins/mcufinder/images/
2023-11-01 21:05:33,140 [INFO] ApiDb:250 - Set database path to: C:\Users\chris\.stmcufinder\plugins\mcufinder//mcu/
2023-11-01 21:05:33,142 [INFO] DbMcusAds:125 - Set database path to: C:\Users\chris\.stmcufinder\plugins\mcufinder//mcu/
2023-11-01 21:05:33,146 [INFO] CrossReferenceDbSqlite:203 - Set database path to: C:\Users\chris\.stmcufinder\plugins\mcufinder//mcu/cs/
2023-11-01 21:05:33,391 [INFO] RulesReader:64 - Compatibility file has been processed (293 Rules)
2023-11-01 21:05:33,546 [INFO] DbMcusXml:78 - Set database path to: C:\ST\STM32CubeIDE_1.13.2\STM32CubeIDE\plugins\com.st.stm32cube.common.mx_6.9.2.202309101412\\db\/mcu/
2023-11-01 21:05:33,547 [INFO] ApiDb:274 - Set plugin database path to: C:\ST\STM32CubeIDE_1.13.2\STM32CubeIDE\plugins\com.st.stm32cube.common.mx_6.9.2.202309101412\\db\/plugins/boardmanager/
2023-11-01 21:05:33,547 [INFO] ApiDb:261 - Set plugin images path to: C:\ST\STM32CubeIDE_1.13.2\STM32CubeIDE\plugins\com.st.stm32cube.common.mx_6.9.2.202309101412\\db\/plugins/mcufinder/images/
2023-11-01 21:05:33,548 [WARN] DbFile:41 - Overriding database path with different value: C:\Users\chris\.stmcufinder\plugins\mcufinder/ => C:\Users\chris\.stmcufinder\plugins\mcufinder
2023-11-01 21:05:33,548 [INFO] ApiDb:250 - Set database path to: C:\Users\chris\.stmcufinder\plugins\mcufinder//mcu/
2023-11-01 21:05:33,548 [WARN] DbFile:41 - Overriding database path with different value: C:\Users\chris\.stmcufinder\plugins\mcufinder/ => C:\Users\chris\.stmcufinder\plugins\mcufinder
2023-11-01 21:05:33,548 [INFO] DbMcusAds:125 - Set database path to: C:\Users\chris\.stmcufinder\plugins\mcufinder//mcu/
2023-11-01 21:05:33,548 [WARN] DbFile:41 - Overriding database path with different value: C:\Users\chris\.stmcufinder\plugins\mcufinder/ => C:\Users\chris\.stmcufinder\plugins\mcufinder
2023-11-01 21:05:33,549 [WARN] DbFile:41 - Overriding database path with different value: C:\Users\chris\.stmcufinder\plugins\mcufinder/ => C:\Users\chris\.stmcufinder\plugins\mcufinder
2023-11-01 21:05:33,549 [INFO] CrossReferenceDbSqlite:203 - Set database path to: C:\Users\chris\.stmcufinder\plugins\mcufinder//mcu/cs/
2023-11-01 21:05:33,680 [INFO] MainPanel:262 - HeapMemory: 268435456
2023-11-01 21:05:33,840 [INFO] DbMcusXml:78 - Set database path to: C:\ST\STM32CubeIDE_1.13.2\STM32CubeIDE\plugins\com.st.stm32cube.common.mx_6.9.2.202309101412\\db\/mcu/
2023-11-01 21:05:33,840 [INFO] ApiDb:274 - Set plugin database path to: C:\ST\STM32CubeIDE_1.13.2\STM32CubeIDE\plugins\com.st.stm32cube.common.mx_6.9.2.202309101412\\db\/plugins/boardmanager/
2023-11-01 21:05:33,840 [INFO] ApiDb:261 - Set plugin images path to: C:\ST\STM32CubeIDE_1.13.2\STM32CubeIDE\plugins\com.st.stm32cube.common.mx_6.9.2.202309101412\\db\/plugins/mcufinder/images/
2023-11-01 21:05:33,841 [WARN] DbFile:41 - Overriding database path with different value: C:\Users\chris\.stmcufinder\plugins\mcufinder/ => C:\Users\chris\.stmcufinder\plugins\mcufinder
2023-11-01 21:05:33,842 [INFO] ApiDb:250 - Set database path to: C:\Users\chris\.stmcufinder\plugins\mcufinder//mcu/
2023-11-01 21:05:33,842 [WARN] DbFile:41 - Overriding database path with different value: C:\Users\chris\.stmcufinder\plugins\mcufinder/ => C:\Users\chris\.stmcufinder\plugins\mcufinder
2023-11-01 21:05:33,842 [INFO] DbMcusAds:125 - Set database path to: C:\Users\chris\.stmcufinder\plugins\mcufinder//mcu/
2023-11-01 21:05:33,842 [WARN] DbFile:41 - Overriding database path with different value: C:\Users\chris\.stmcufinder\plugins\mcufinder/ => C:\Users\chris\.stmcufinder\plugins\mcufinder
2023-11-01 21:05:33,842 [WARN] DbFile:41 - Overriding database path with different value: C:\Users\chris\.stmcufinder\plugins\mcufinder/ => C:\Users\chris\.stmcufinder\plugins\mcufinder
2023-11-01 21:05:33,842 [INFO] CrossReferenceDbSqlite:203 - Set database path to: C:\Users\chris\.stmcufinder\plugins\mcufinder//mcu/cs/
2023-11-01 21:05:33,871 [INFO] ApplicationProperties:184 - Using Application install path: C:\ST\STM32CubeIDE_1.13.2\STM32CubeIDE\plugins\com.st.stm32cube.common.mx_6.9.2.202309101412
2023-11-01 21:05:33,873 [INFO] PluginManage:196 - Search for loadable plugins [exclusion list=, ]
2023-11-01 21:05:33,877 [INFO] PluginManage:310 - Check plugin analytics
2023-11-01 21:05:34,099 [INFO] AnalyticsPlugin:253 - Accepted Software Licenses: 
2023-11-01 21:05:34,100 [INFO] AnalyticsPlugin:255 - Accepted CMSIS Pack Licenses: 
2023-11-01 21:05:34,101 [INFO] AnalyticsPlugin:257 - Accepted Firmware Licenses: 
2023-11-01 21:05:34,105 [INFO] PluginManage:359 - Loaded plugin analytics (category:tool,tabindex:-1)
2023-11-01 21:05:34,105 [INFO] PluginManage:310 - Check plugin cadmodel
2023-11-01 21:05:34,113 [INFO] CADModel:105 - Init CAD model plugin
2023-11-01 21:05:34,113 [INFO] PluginManage:359 - Loaded plugin cadmodel (category:power,tabindex:5)
2023-11-01 21:05:34,113 [INFO] PluginManage:310 - Check plugin clock
2023-11-01 21:05:34,126 [INFO] PluginManage:359 - Loaded plugin clock (category:base,tabindex:2)
2023-11-01 21:05:34,126 [INFO] PluginManage:310 - Check plugin ddr
2023-11-01 21:05:34,130 [INFO] PluginManage:359 - Loaded plugin ddr (category:tool,tabindex:6)
2023-11-01 21:05:34,130 [INFO] PluginManage:310 - Check plugin filemanager
2023-11-01 21:05:34,316 [INFO] PluginManage:359 - Loaded plugin filemanager (category:base,tabindex:10)
2023-11-01 21:05:34,316 [INFO] PluginManage:310 - Check plugin ipmanager
2023-11-01 21:05:34,327 [INFO] PluginManage:359 - Loaded plugin ipmanager (category:base,tabindex:5)
2023-11-01 21:05:34,328 [INFO] PluginManage:310 - Check plugin lpbam
2023-11-01 21:05:34,337 [INFO] PluginManage:359 - Loaded plugin lpbam (category:base,tabindex:0)
2023-11-01 21:05:34,337 [INFO] PluginManage:310 - Check plugin memorymap
2023-11-01 21:05:34,351 [INFO] PluginManage:359 - Loaded plugin memorymap (category:base,tabindex:4)
2023-11-01 21:05:34,351 [INFO] PluginManage:310 - Check plugin pinoutandconfiguration
2023-11-01 21:05:34,360 [INFO] PluginManage:359 - Loaded plugin pinoutandconfiguration (category:base,tabindex:1)
2023-11-01 21:05:34,360 [INFO] PluginManage:310 - Check plugin pinoutconfig
2023-11-01 21:05:34,457 [WARN] SupportedApi:132 - Cannot load RTOS API schema: s4s-elt-must-match.1: The content of 'definitions' must match (annotation?, (simpleType | complexType)?, (unique | key | keyref)*)). A problem was found starting at: attribute.
2023-11-01 21:05:34,629 [INFO] PluginManage:359 - Loaded plugin pinoutconfig (category:base,tabindex:0)
2023-11-01 21:05:34,630 [INFO] PluginManage:310 - Check plugin power
2023-11-01 21:05:34,651 [INFO] PluginManage:359 - Loaded plugin power (category:power,tabindex:4)
2023-11-01 21:05:34,651 [INFO] PluginManage:310 - Check plugin projectmanager
2023-11-01 21:05:34,674 [INFO] PluginManage:359 - Loaded plugin projectmanager (category:projectmanager,tabindex:3)
2023-11-01 21:05:34,674 [INFO] PluginManage:310 - Check plugin thirdparty
2023-11-01 21:05:34,873 [INFO] PluginManage:359 - Loaded plugin thirdparty (category:base,tabindex:-1)
2023-11-01 21:05:34,873 [INFO] PluginManage:310 - Check plugin tools
2023-11-01 21:05:34,875 [WARN] IntegrityCheckThread:84 - waiting for thirdparty lock release [integrity check]
2023-11-01 21:05:34,876 [INFO] IntegrityCheckThread:86 - entering critical section [integrity check]
2023-11-01 21:05:34,877 [INFO] ThirdPartyUpdaterWithRetryManager:70 - Updater plugin not ready yet. [1/15]
2023-11-01 21:05:34,877 [INFO] PluginManage:359 - Loaded plugin tools (category:base,tabindex:7)
2023-11-01 21:05:34,878 [INFO] PluginManage:310 - Check plugin tutovideos
2023-11-01 21:05:35,090 [INFO] PluginManage:359 - Loaded plugin tutovideos (category:base,tabindex:-1)
2023-11-01 21:05:35,090 [INFO] PluginManage:310 - Check plugin updater
2023-11-01 21:05:35,103 [INFO] PluginManage:359 - Loaded plugin updater (category:base,tabindex:12)
2023-11-01 21:05:35,103 [INFO] PluginManage:310 - Check plugin userauth
2023-11-01 21:05:35,108 [INFO] UserAuth:113 - Init User Auth plugin
2023-11-01 21:05:35,108 [INFO] PluginManage:359 - Loaded plugin userauth (category:base,tabindex:14)
2023-11-01 21:05:35,109 [INFO] PluginManage:283 - PluginManage : Loaded plugins [17]
2023-11-01 21:05:35,610 [INFO] PinOutPanel:1499 - setPackage(No Configuration,No Configuration)
2023-11-01 21:05:35,779 [INFO] CADModel:165 - CPN selected for project level
2023-11-01 21:05:35,779 [INFO] CADModel:114 - Register for checkConnection events
2023-11-01 21:05:35,805 [INFO] IPUIPlugin:80 - create IPUIPlugin
2023-11-01 21:05:35,805 [INFO] PluginManager:220 - loadIPPluginJar : add adc
2023-11-01 21:05:35,809 [INFO] IPUIPlugin:80 - create IPUIPlugin
2023-11-01 21:05:35,810 [INFO] PluginManager:220 - loadIPPluginJar : add aes
2023-11-01 21:05:35,814 [INFO] IPUIPlugin:80 - create IPUIPlugin
2023-11-01 21:05:35,815 [INFO] PluginManager:220 - loadIPPluginJar : add can
2023-11-01 21:05:35,819 [INFO] IPUIPlugin:80 - create IPUIPlugin
2023-11-01 21:05:35,820 [INFO] PluginManager:220 - loadIPPluginJar : add comp
2023-11-01 21:05:35,824 [INFO] IPUIPlugin:80 - create IPUIPlugin
2023-11-01 21:05:35,824 [INFO] PluginManager:220 - loadIPPluginJar : add cryp
2023-11-01 21:05:35,827 [INFO] IPUIPlugin:80 - create IPUIPlugin
2023-11-01 21:05:35,828 [INFO] PluginManager:220 - loadIPPluginJar : add dfsdm
2023-11-01 21:05:35,836 [INFO] IPUIPlugin:80 - create IPUIPlugin
2023-11-01 21:05:35,837 [INFO] PluginManager:220 - loadIPPluginJar : add dma
2023-11-01 21:05:35,841 [INFO] IPUIPlugin:80 - create IPUIPlugin
2023-11-01 21:05:35,841 [INFO] PluginManager:220 - loadIPPluginJar : add dma3
2023-11-01 21:05:35,843 [INFO] IPUIPlugin:80 - create IPUIPlugin
2023-11-01 21:05:35,844 [INFO] PluginManager:220 - loadIPPluginJar : add fatfs
2023-11-01 21:05:35,853 [INFO] IPUIPlugin:80 - create IPUIPlugin
2023-11-01 21:05:35,853 [INFO] PluginManager:220 - loadIPPluginJar : add fmc
2023-11-01 21:05:35,863 [INFO] IPUIPlugin:80 - create IPUIPlugin
2023-11-01 21:05:35,864 [INFO] PluginManager:220 - loadIPPluginJar : add freertos
2023-11-01 21:05:35,867 [INFO] IPUIPlugin:80 - create IPUIPlugin
2023-11-01 21:05:35,867 [INFO] PluginManager:220 - loadIPPluginJar : add genericplugin
2023-11-01 21:05:35,871 [INFO] IPUIPlugin:80 - create IPUIPlugin
2023-11-01 21:05:35,871 [INFO] PluginManager:220 - loadIPPluginJar : add gfxmmu
2023-11-01 21:05:35,879 [INFO] IPUIPlugin:80 - create IPUIPlugin
2023-11-01 21:05:35,879 [INFO] PluginManager:220 - loadIPPluginJar : add gic
2023-11-01 21:05:35,886 [INFO] IPUIPlugin:80 - create IPUIPlugin
2023-11-01 21:05:35,887 [INFO] PluginManager:220 - loadIPPluginJar : add gpio
2023-11-01 21:05:35,891 [INFO] IPUIPlugin:80 - create IPUIPlugin
2023-11-01 21:05:35,891 [INFO] PluginManager:220 - loadIPPluginJar : add gtzc
2023-11-01 21:05:35,895 [INFO] IPUIPlugin:80 - create IPUIPlugin
2023-11-01 21:05:35,895 [INFO] PluginManager:220 - loadIPPluginJar : add hash
2023-11-01 21:05:35,899 [INFO] IPUIPlugin:80 - create IPUIPlugin
2023-11-01 21:05:35,899 [INFO] PluginManager:220 - loadIPPluginJar : add i2c
2023-11-01 21:05:35,903 [INFO] IPUIPlugin:80 - create IPUIPlugin
2023-11-01 21:05:35,904 [INFO] PluginManager:220 - loadIPPluginJar : add i2s
2023-11-01 21:05:35,908 [INFO] IPUIPlugin:80 - create IPUIPlugin
2023-11-01 21:05:35,908 [INFO] PluginManager:220 - loadIPPluginJar : add i3c
2023-11-01 21:05:35,914 [INFO] IPUIPlugin:80 - create IPUIPlugin
2023-11-01 21:05:35,914 [INFO] PluginManager:220 - loadIPPluginJar : add ipddr
2023-11-01 21:05:35,926 [INFO] IPUIPlugin:80 - create IPUIPlugin
2023-11-01 21:05:35,926 [INFO] PluginManager:220 - loadIPPluginJar : add linkedlist
2023-11-01 21:05:35,930 [INFO] IPUIPlugin:80 - create IPUIPlugin
2023-11-01 21:05:35,931 [INFO] PluginManager:220 - loadIPPluginJar : add lorawan
2023-11-01 21:05:35,934 [INFO] IPUIPlugin:80 - create IPUIPlugin
2023-11-01 21:05:35,935 [INFO] PluginManager:220 - loadIPPluginJar : add ltdc
2023-11-01 21:05:35,943 [INFO] IPUIPlugin:80 - create IPUIPlugin
2023-11-01 21:05:35,944 [INFO] PluginManager:220 - loadIPPluginJar : add mdma
2023-11-01 21:05:35,950 [INFO] IPUIPlugin:80 - create IPUIPlugin
2023-11-01 21:05:35,950 [INFO] PluginManager:220 - loadIPPluginJar : add nvic
2023-11-01 21:05:35,954 [INFO] IPUIPlugin:80 - create IPUIPlugin
2023-11-01 21:05:35,955 [INFO] PluginManager:220 - loadIPPluginJar : add opamp
2023-11-01 21:05:35,958 [INFO] IPUIPlugin:80 - create IPUIPlugin
2023-11-01 21:05:35,959 [INFO] PluginManager:220 - loadIPPluginJar : add openamp
2023-11-01 21:05:35,962 [INFO] IPUIPlugin:80 - create IPUIPlugin
2023-11-01 21:05:35,963 [INFO] PluginManager:220 - loadIPPluginJar : add pdm2pcm
2023-11-01 21:05:35,971 [INFO] IPUIPlugin:80 - create IPUIPlugin
2023-11-01 21:05:35,974 [INFO] PluginManager:220 - loadIPPluginJar : add plateformsettings
2023-11-01 21:05:35,976 [INFO] IPUIPlugin:80 - create IPUIPlugin
2023-11-01 21:05:35,977 [INFO] PluginManager:220 - loadIPPluginJar : add quadspi
2023-11-01 21:05:35,982 [INFO] IPUIPlugin:80 - create IPUIPlugin
2023-11-01 21:05:35,982 [INFO] PluginManager:220 - loadIPPluginJar : add resmgrutility
2023-11-01 21:05:35,987 [INFO] IPUIPlugin:80 - create IPUIPlugin
2023-11-01 21:05:35,987 [INFO] PluginManager:220 - loadIPPluginJar : add sai
2023-11-01 21:05:35,991 [INFO] IPUIPlugin:80 - create IPUIPlugin
2023-11-01 21:05:35,991 [INFO] PluginManager:220 - loadIPPluginJar : add spi
2023-11-01 21:05:35,998 [INFO] IPUIPlugin:80 - create IPUIPlugin
2023-11-01 21:05:35,998 [INFO] PluginManager:220 - loadIPPluginJar : add stm32_wpan
2023-11-01 21:05:36,001 [INFO] IPUIPlugin:80 - create IPUIPlugin
2023-11-01 21:05:36,002 [INFO] PluginManager:220 - loadIPPluginJar : add tim
2023-11-01 21:05:36,006 [INFO] IPUIPlugin:80 - create IPUIPlugin
2023-11-01 21:05:36,006 [INFO] PluginManager:220 - loadIPPluginJar : add touchsensing
2023-11-01 21:05:36,009 [INFO] IPUIPlugin:80 - create IPUIPlugin
2023-11-01 21:05:36,009 [INFO] PluginManager:220 - loadIPPluginJar : add tracer_emb
2023-11-01 21:05:36,014 [INFO] IPUIPlugin:80 - create IPUIPlugin
2023-11-01 21:05:36,014 [INFO] PluginManager:220 - loadIPPluginJar : add ts
2023-11-01 21:05:36,016 [INFO] IPUIPlugin:80 - create IPUIPlugin
2023-11-01 21:05:36,016 [INFO] PluginManager:220 - loadIPPluginJar : add tsc
2023-11-01 21:05:36,019 [INFO] IPUIPlugin:80 - create IPUIPlugin
2023-11-01 21:05:36,019 [INFO] PluginManager:220 - loadIPPluginJar : add ucpd
2023-11-01 21:05:36,022 [INFO] IPUIPlugin:80 - create IPUIPlugin
2023-11-01 21:05:36,022 [INFO] PluginManager:220 - loadIPPluginJar : add usart
2023-11-01 21:05:36,026 [INFO] IPUIPlugin:80 - create IPUIPlugin
2023-11-01 21:05:36,026 [INFO] PluginManager:220 - loadIPPluginJar : add usbx
2023-11-01 21:05:36,212 [INFO] CADModel:165 - CPN selected for project level
2023-11-01 21:05:36,213 [INFO] CADModel:114 - Register for checkConnection events
2023-11-01 21:05:36,213 [FATAL] Updater:308 - Updater called before beeing initialized
2023-11-01 21:05:36,213 [ERROR] CADModel:125 - Updater not yet initialized, retry later 
2023-11-01 21:05:36,443 [INFO] CADModel:165 - CPN selected for project level
2023-11-01 21:05:36,444 [INFO] CADModel:114 - Register for checkConnection events
2023-11-01 21:05:36,444 [FATAL] Updater:308 - Updater called before beeing initialized
2023-11-01 21:05:36,444 [ERROR] CADModel:125 - Updater not yet initialized, retry later 
2023-11-01 21:05:36,449 [FATAL] Updater:308 - Updater called before beeing initialized
2023-11-01 21:05:36,586 [FATAL] Updater:308 - Updater called before beeing initialized
2023-11-01 21:05:36,592 [INFO] DbMcusAds:53 - JSON generation date=Tue Mar 07 03:50:55 EST 2023 (1678179055114)
2023-11-01 21:05:36,592 [FATAL] Updater:308 - Updater called before beeing initialized
2023-11-01 21:05:36,642 [WARN] DetailPanel:346 - Failed to get advertising image, set to default
2023-11-01 21:05:36,809 [FATAL] Updater:308 - Updater called before beeing initialized
2023-11-01 21:05:36,812 [FATAL] Updater:308 - Updater called before beeing initialized
2023-11-01 21:05:36,812 [FATAL] Updater:308 - Updater called before beeing initialized
2023-11-01 21:05:36,812 [WARN] DetailPanel:346 - Failed to get advertising image, set to default
2023-11-01 21:05:36,813 [FATAL] Updater:308 - Updater called before beeing initialized
2023-11-01 21:05:36,863 [ERROR] Updater:1120 - MainUpdater not yet initialized. External WinMGr cannot be set.
2023-11-01 21:05:36,865 [INFO] Updater:1056 - Updater Version found : 6.9.2
2023-11-01 21:05:36,887 [INFO] ApplicationProperties:184 - Using Application install path: C:\ST\STM32CubeIDE_1.13.2\STM32CubeIDE\plugins\com.st.stm32cube.common.mx_6.9.2.202309101412
2023-11-01 21:05:37,660 [INFO] MainUpdater:2868 - connection check result : 10
2023-11-01 21:05:37,662 [INFO] MainUpdater:285 - Updater Check For Update Now.
2023-11-01 21:05:37,662 [INFO] MicroXplorer:498 - Change Database Version : DB.6.0.92
2023-11-01 21:05:37,696 [INFO] McuFinderGlobals:63 - Set McuFinder mode to 2 (CubeIDE integrated)
2023-11-01 21:05:37,879 [WARN] MainUpdater:1189 - Updater busy. Cannot search thirdparties
2023-11-01 21:05:37,879 [INFO] ThirdPartyUpdaterWithRetryManager:96 - Updater plugin is busy. [1/15]
2023-11-01 21:05:37,926 [INFO] CheckServerUpdateThread:120 - End of CheckServer Thread
2023-11-01 21:05:41,060 [WARN] PackLoader:240 - Cannot read IP mode file for STMicroelectronics.X-CUBE-SMBUS.2.1.0
2023-11-01 21:05:41,118 [WARN] PackLoader:240 - Cannot read IP mode file for STMicroelectronics.X-CUBE-AZRTOS-F7.1.1.0
2023-11-01 21:05:41,135 [WARN] PackLoader:240 - Cannot read IP mode file for STMicroelectronics.FP-SNS-MOTENV1.4.3.2
2023-11-01 21:05:41,145 [WARN] PackLoader:240 - Cannot read IP mode file for STMicroelectronics.FP-SNS-FLIGHT1.5.0.2
2023-11-01 21:05:41,160 [WARN] PackLoader:240 - Cannot read IP mode file for STMicroelectronics.X-CUBE-DISPLAY.3.0.0
2023-11-01 21:05:41,176 [WARN] PackLoader:240 - Cannot read IP mode file for STMicroelectronics.X-CUBE-BLE1.7.0.0
2023-11-01 21:05:41,183 [WARN] PackLoader:240 - Cannot read IP mode file for emotas.I-CUBE-CANOPEN.1.3.0
2023-11-01 21:05:41,191 [WARN] PackLoader:240 - Cannot read IP mode file for STMicroelectronics.X-CUBE-TOUCHGFX.4.22.1
2023-11-01 21:05:41,197 [WARN] PackLoader:240 - Cannot read IP mode file for STMicroelectronics.FP-SNS-SMARTAG2.1.2.0
2023-11-01 21:05:41,213 [INFO] LogOutputStream:77 - [STDOUT_REDIRECT] 1 : Invalid condition id : UX_CORESTACK_Condition cause : null
2023-11-01 21:05:41,213 [INFO] LogOutputStream:77 - [STDOUT_REDIRECT] 1 : Invalid condition id : UX_CORESTACK_Condition cause : null
2023-11-01 21:05:41,215 [INFO] LogOutputStream:77 - [STDOUT_REDIRECT] 1 : Invalid condition id : UX_CORESTACK_Condition cause : null
2023-11-01 21:05:41,216 [INFO] LogOutputStream:77 - [STDOUT_REDIRECT] 1 : Invalid condition id : UX_CORESTACK_Condition cause : null
2023-11-01 21:05:41,217 [INFO] LogOutputStream:77 - [STDOUT_REDIRECT] 1 : Invalid condition id : UX_CORESTACK_Condition cause : null
2023-11-01 21:05:41,222 [WARN] PackLoader:240 - Cannot read IP mode file for STMicroelectronics.X-CUBE-AZRTOS-WL.2.0.0
2023-11-01 21:05:41,233 [WARN] PackLoader:240 - Cannot read IP mode file for WES.I-CUBE-Cesium.1.3.0
2023-11-01 21:05:41,240 [WARN] PackLoader:240 - Cannot read IP mode file for STMicroelectronics.X-CUBE-BLE2.3.3.0
2023-11-01 21:05:41,260 [WARN] PackLoader:240 - Cannot read IP mode file for STMicroelectronics.X-CUBE-ALGOBUILD.1.3.0
2023-11-01 21:05:41,281 [WARN] PackLoader:240 - Cannot read IP mode file for STMicroelectronics.X-CUBE-AZRTOS-G0.1.1.0
2023-11-01 21:05:41,303 [WARN] PackLoader:240 - Cannot read IP mode file for STMicroelectronics.X-CUBE-NFC4.3.0.0
2023-11-01 21:05:41,314 [WARN] PackLoader:240 - Cannot read IP mode file for STMicroelectronics.X-CUBE-BLEMGR.3.0.0
2023-11-01 21:05:41,321 [WARN] PackLoader:240 - Cannot read IP mode file for STMicroelectronics.FP-ATR-SIGFOX1.3.2.0
2023-11-01 21:05:41,355 [WARN] PackLoader:240 - Cannot read IP mode file for SEGGER.I-CUBE-embOS.1.3.1
2023-11-01 21:05:41,402 [WARN] PackLoader:240 - Cannot read IP mode file for STMicroelectronics.X-CUBE-GNSS1.6.0.0
2023-11-01 21:05:41,421 [WARN] PackLoader:240 - Cannot read IP mode file for STMicroelectronics.X-CUBE-AZRTOS-F4.1.1.0
2023-11-01 21:05:41,432 [WARN] PackLoader:240 - Cannot read IP mode file for wolfSSL.I-CUBE-wolfSSL.5.6.3
2023-11-01 21:05:41,452 [WARN] PackLoader:240 - Cannot read IP mode file for STMicroelectronics.X-CUBE-AZRTOS-L5.2.0.0
2023-11-01 21:05:41,461 [WARN] PackLoader:240 - Cannot read IP mode file for STMicroelectronics.X-CUBE-EEPRMA1.4.2.0
2023-11-01 21:05:41,466 [WARN] PackLoader:240 - Cannot read IP mode file for ITTIA_DB.I-CUBE-ITTIADB.8.8.0
2023-11-01 21:05:41,475 [WARN] PackLoader:240 - Cannot read IP mode file for STMicroelectronics.X-CUBE-BLEMGR.2.0.0
2023-11-01 21:05:41,490 [WARN] ConditionMgr:438 - getConditionDescription Invalid condition id : UX DEVICE CLASS RTOS Condition cause : null
2023-11-01 21:05:41,490 [WARN] ConditionMgr:438 - getConditionDescription Invalid condition id : UX DEVICE CLASS RTOS Condition cause : null
2023-11-01 21:05:41,492 [WARN] PackLoader:240 - Cannot read IP mode file for STMicroelectronics.X-CUBE-AZRTOS-H7.3.1.0
2023-11-01 21:05:41,493 [WARN] ConditionMgr:1039 - genDependencies : Invalid condition id : UX DEVICE CLASS RTOS Condition cause : null
2023-11-01 21:05:41,493 [WARN] ConditionMgr:1039 - genDependencies : Invalid condition id : UX DEVICE CLASS RTOS Condition cause : null
2023-11-01 21:05:41,493 [WARN] ConditionMgr:1039 - genDependencies : Invalid condition id : UX DEVICE CLASS RTOS Condition cause : null
2023-11-01 21:05:41,494 [WARN] ConditionMgr:1039 - genDependencies : Invalid condition id : UX DEVICE CLASS RTOS Condition cause : null
2023-11-01 21:05:41,494 [WARN] ConditionMgr:1039 - genDependencies : Invalid condition id : UX DEVICE CLASS RTOS Condition cause : null
2023-11-01 21:05:41,505 [WARN] PackLoader:240 - Cannot read IP mode file for STMicroelectronics.X-CUBE-NFC7.1.0.1
2023-11-01 21:05:41,517 [WARN] PackLoader:240 - Cannot read IP mode file for STMicroelectronics.X-CUBE-NFC6.3.0.0
2023-11-01 21:05:41,526 [WARN] PackLoader:240 - Cannot read IP mode file for STMicroelectronics.X-CUBE-EEPRMA1.4.1.0
2023-11-01 21:05:41,534 [WARN] PackLoader:240 - Cannot read IP mode file for STMicroelectronics.X-CUBE-AI.8.1.0
2023-11-01 21:05:41,555 [WARN] ConditionMgr:438 - getConditionDescription Invalid condition id : LAN8742 Phy interface Condition cause : null
2023-11-01 21:05:41,583 [WARN] PackLoader:240 - Cannot read IP mode file for STMicroelectronics.X-CUBE-AZRTOS-L4.2.0.0
2023-11-01 21:05:41,588 [WARN] ConditionMgr:1039 - genDependencies : Invalid condition id : LAN8742 Phy interface Condition cause : null
2023-11-01 21:05:41,589 [WARN] ConditionMgr:1039 - genDependencies : Invalid condition id : LAN8742 Phy interface Condition cause : null
2023-11-01 21:05:41,590 [WARN] ConditionMgr:1039 - genDependencies : Invalid condition id : LAN8742 Phy interface Condition cause : null
2023-11-01 21:05:41,603 [WARN] PackLoader:240 - Cannot read IP mode file for STMicroelectronics.X-CUBE-SFXS2LP1.4.0.0
2023-11-01 21:05:41,609 [WARN] PackLoader:240 - Cannot read IP mode file for STMicroelectronics.X-CUBE-ISPU.1.1.0
2023-11-01 21:05:41,625 [WARN] ConditionMgr:438 - getConditionDescription Invalid condition id : UX DEVICE CLASS RTOS Condition cause : null
2023-11-01 21:05:41,625 [WARN] ConditionMgr:438 - getConditionDescription Invalid condition id : UX DEVICE CLASS RTOS Condition cause : null
2023-11-01 21:05:41,627 [WARN] PackLoader:240 - Cannot read IP mode file for STMicroelectronics.X-CUBE-AZRTOS-WB.2.0.0
2023-11-01 21:05:41,627 [WARN] ConditionMgr:1039 - genDependencies : Invalid condition id : UX DEVICE CLASS RTOS Condition cause : null
2023-11-01 21:05:41,628 [WARN] ConditionMgr:1039 - genDependencies : Invalid condition id : UX DEVICE CLASS RTOS Condition cause : null
2023-11-01 21:05:41,628 [WARN] ConditionMgr:1039 - genDependencies : Invalid condition id : UX DEVICE CLASS RTOS Condition cause : null
2023-11-01 21:05:41,628 [WARN] ConditionMgr:1039 - genDependencies : Invalid condition id : UX DEVICE CLASS RTOS Condition cause : null
2023-11-01 21:05:41,628 [WARN] ConditionMgr:1039 - genDependencies : Invalid condition id : UX DEVICE CLASS RTOS Condition cause : null
2023-11-01 21:05:41,639 [WARN] PackLoader:240 - Cannot read IP mode file for STMicroelectronics.X-CUBE-SUBG2.5.0.0
2023-11-01 21:05:41,654 [WARN] PackLoader:240 - Cannot read IP mode file for STMicroelectronics.X-CUBE-TOF1.3.3.1
2023-11-01 21:05:41,676 [WARN] PackLoader:240 - Cannot read IP mode file for STMicroelectronics.X-CUBE-AZRTOS-G4.2.0.0
2023-11-01 21:05:41,692 [WARN] PackLoader:240 - Cannot read IP mode file for Infineon.AIROC-Wi-Fi-Bluetooth-STM32.1.5.1
2023-11-01 21:05:41,738 [WARN] PackLoader:240 - Cannot read IP mode file for STMicroelectronics.X-CUBE-MEMS1.10.0.0
2023-11-01 21:05:41,912 [WARN] PackLoader:240 - Cannot read IP mode file for STMicroelectronics.X-CUBE-FREERTOS.1.1.0
2023-11-01 21:05:41,920 [WARN] PackLoader:240 - Cannot read IP mode file for portGmbH.I-Cube-SoM-uGOAL.1.1.0
2023-11-01 21:05:41,925 [WARN] PackLoader:240 - Cannot read IP mode file for STMicroelectronics.X-CUBE-ALS.1.0.1
2023-11-01 21:05:41,930 [WARN] PackLoader:240 - Cannot read IP mode file for STMicroelectronics.FP-ATR-ASTRA1.2.0.0
2023-11-01 21:05:41,931 [INFO] ThirdParty:978 - Integrity check success = true
2023-11-01 21:05:41,931 [INFO] IntegrityCheckThread:100 - exiting critical section [integrity check]
2023-11-01 21:05:41,931 [INFO] IntegrityCheckThread:103 - End integrity checks thread
2023-11-01 21:05:59,927 [ERROR] LogOutputStream:75 - [STDERR_REDIRECT] SLF4J: Failed to load class "org.slf4j.impl.StaticLoggerBinder".
2023-11-01 21:05:59,927 [ERROR] LogOutputStream:75 - [STDERR_REDIRECT] SLF4J: Defaulting to no-operation (NOP) logger implementation
2023-11-01 21:05:59,929 [ERROR] LogOutputStream:75 - [STDERR_REDIRECT] SLF4J: See http://www.slf4j.org/codes.html#StaticLoggerBinder for further details.
