2023-11-06 10:18:10,320 [INFO] Activator:176 - 


2023-11-06 10:18:10,326 [INFO] Activator:177 - !SESSION log4j initialized
2023-11-06 10:18:17,308 [INFO] LogOutputStream:77 - [STDOUT_REDIRECT] 
2023-11-06 10:18:18,776 [INFO] ApplicationProperties:184 - Using Application install path: C:\ST\STM32CubeIDE_1.13.2\STM32CubeIDE\plugins\com.st.stm32cube.common.mx_6.9.2.202309101412
2023-11-06 10:18:18,791 [INFO] DbMcusXml:78 - Set database path to: C:\ST\STM32CubeIDE_1.13.2\STM32CubeIDE\plugins\com.st.stm32cube.common.mx_6.9.2.202309101412\\db\/mcu/
2023-11-06 10:18:18,792 [INFO] ApiDb:274 - Set plugin database path to: C:\ST\STM32CubeIDE_1.13.2\STM32CubeIDE\plugins\com.st.stm32cube.common.mx_6.9.2.202309101412\\db\/plugins/boardmanager/
2023-11-06 10:18:18,792 [WARN] ApiDb:259 - Overriding images path with different value:  => C:\ST\STM32CubeIDE_1.13.2\STM32CubeIDE\plugins\com.st.stm32cube.common.mx_6.9.2.202309101412\\db\/plugins/mcufinder/images/
2023-11-06 10:18:18,817 [INFO] ApiDb:250 - Set database path to: C:\Users\chris\.stmcufinder\plugins\mcufinder//mcu/
2023-11-06 10:18:18,818 [INFO] DbMcusAds:125 - Set database path to: C:\Users\chris\.stmcufinder\plugins\mcufinder//mcu/
2023-11-06 10:18:18,819 [INFO] CrossReferenceDbSqlite:203 - Set database path to: C:\Users\chris\.stmcufinder\plugins\mcufinder//mcu/cs/
2023-11-06 10:18:18,935 [INFO] RulesReader:64 - Compatibility file has been processed (293 Rules)
2023-11-06 10:18:19,030 [INFO] DbMcusXml:78 - Set database path to: C:\ST\STM32CubeIDE_1.13.2\STM32CubeIDE\plugins\com.st.stm32cube.common.mx_6.9.2.202309101412\\db\/mcu/
2023-11-06 10:18:19,030 [INFO] ApiDb:274 - Set plugin database path to: C:\ST\STM32CubeIDE_1.13.2\STM32CubeIDE\plugins\com.st.stm32cube.common.mx_6.9.2.202309101412\\db\/plugins/boardmanager/
2023-11-06 10:18:19,030 [INFO] ApiDb:261 - Set plugin images path to: C:\ST\STM32CubeIDE_1.13.2\STM32CubeIDE\plugins\com.st.stm32cube.common.mx_6.9.2.202309101412\\db\/plugins/mcufinder/images/
2023-11-06 10:18:19,030 [WARN] DbFile:41 - Overriding database path with different value: C:\Users\chris\.stmcufinder\plugins\mcufinder/ => C:\Users\chris\.stmcufinder\plugins\mcufinder
2023-11-06 10:18:19,030 [INFO] ApiDb:250 - Set database path to: C:\Users\chris\.stmcufinder\plugins\mcufinder//mcu/
2023-11-06 10:18:19,030 [WARN] DbFile:41 - Overriding database path with different value: C:\Users\chris\.stmcufinder\plugins\mcufinder/ => C:\Users\chris\.stmcufinder\plugins\mcufinder
2023-11-06 10:18:19,030 [INFO] DbMcusAds:125 - Set database path to: C:\Users\chris\.stmcufinder\plugins\mcufinder//mcu/
2023-11-06 10:18:19,030 [WARN] DbFile:41 - Overriding database path with different value: C:\Users\chris\.stmcufinder\plugins\mcufinder/ => C:\Users\chris\.stmcufinder\plugins\mcufinder
2023-11-06 10:18:19,031 [WARN] DbFile:41 - Overriding database path with different value: C:\Users\chris\.stmcufinder\plugins\mcufinder/ => C:\Users\chris\.stmcufinder\plugins\mcufinder
2023-11-06 10:18:19,031 [INFO] CrossReferenceDbSqlite:203 - Set database path to: C:\Users\chris\.stmcufinder\plugins\mcufinder//mcu/cs/
2023-11-06 10:18:19,150 [INFO] MainPanel:262 - HeapMemory: 268435456
2023-11-06 10:18:19,233 [INFO] DbMcusXml:78 - Set database path to: C:\ST\STM32CubeIDE_1.13.2\STM32CubeIDE\plugins\com.st.stm32cube.common.mx_6.9.2.202309101412\\db\/mcu/
2023-11-06 10:18:19,233 [INFO] ApiDb:274 - Set plugin database path to: C:\ST\STM32CubeIDE_1.13.2\STM32CubeIDE\plugins\com.st.stm32cube.common.mx_6.9.2.202309101412\\db\/plugins/boardmanager/
2023-11-06 10:18:19,233 [INFO] ApiDb:261 - Set plugin images path to: C:\ST\STM32CubeIDE_1.13.2\STM32CubeIDE\plugins\com.st.stm32cube.common.mx_6.9.2.202309101412\\db\/plugins/mcufinder/images/
2023-11-06 10:18:19,235 [WARN] DbFile:41 - Overriding database path with different value: C:\Users\chris\.stmcufinder\plugins\mcufinder/ => C:\Users\chris\.stmcufinder\plugins\mcufinder
2023-11-06 10:18:19,235 [INFO] ApiDb:250 - Set database path to: C:\Users\chris\.stmcufinder\plugins\mcufinder//mcu/
2023-11-06 10:18:19,235 [WARN] DbFile:41 - Overriding database path with different value: C:\Users\chris\.stmcufinder\plugins\mcufinder/ => C:\Users\chris\.stmcufinder\plugins\mcufinder
2023-11-06 10:18:19,235 [INFO] DbMcusAds:125 - Set database path to: C:\Users\chris\.stmcufinder\plugins\mcufinder//mcu/
2023-11-06 10:18:19,235 [WARN] DbFile:41 - Overriding database path with different value: C:\Users\chris\.stmcufinder\plugins\mcufinder/ => C:\Users\chris\.stmcufinder\plugins\mcufinder
2023-11-06 10:18:19,235 [WARN] DbFile:41 - Overriding database path with different value: C:\Users\chris\.stmcufinder\plugins\mcufinder/ => C:\Users\chris\.stmcufinder\plugins\mcufinder
2023-11-06 10:18:19,235 [INFO] CrossReferenceDbSqlite:203 - Set database path to: C:\Users\chris\.stmcufinder\plugins\mcufinder//mcu/cs/
2023-11-06 10:18:19,249 [INFO] ApplicationProperties:184 - Using Application install path: C:\ST\STM32CubeIDE_1.13.2\STM32CubeIDE\plugins\com.st.stm32cube.common.mx_6.9.2.202309101412
2023-11-06 10:18:19,251 [INFO] PluginManage:196 - Search for loadable plugins [exclusion list=, ]
2023-11-06 10:18:19,252 [INFO] PluginManage:310 - Check plugin analytics
2023-11-06 10:18:19,423 [INFO] AnalyticsPlugin:253 - Accepted Software Licenses: 
2023-11-06 10:18:19,423 [INFO] AnalyticsPlugin:255 - Accepted CMSIS Pack Licenses: 
2023-11-06 10:18:19,423 [INFO] AnalyticsPlugin:257 - Accepted Firmware Licenses: 
2023-11-06 10:18:19,428 [INFO] PluginManage:359 - Loaded plugin analytics (category:tool,tabindex:-1)
2023-11-06 10:18:19,430 [INFO] PluginManage:310 - Check plugin cadmodel
2023-11-06 10:18:19,437 [INFO] CADModel:105 - Init CAD model plugin
2023-11-06 10:18:19,438 [INFO] PluginManage:359 - Loaded plugin cadmodel (category:power,tabindex:5)
2023-11-06 10:18:19,438 [INFO] PluginManage:310 - Check plugin clock
2023-11-06 10:18:19,455 [INFO] PluginManage:359 - Loaded plugin clock (category:base,tabindex:2)
2023-11-06 10:18:19,455 [INFO] PluginManage:310 - Check plugin ddr
2023-11-06 10:18:19,462 [INFO] PluginManage:359 - Loaded plugin ddr (category:tool,tabindex:6)
2023-11-06 10:18:19,463 [INFO] PluginManage:310 - Check plugin filemanager
2023-11-06 10:18:19,592 [INFO] PluginManage:359 - Loaded plugin filemanager (category:base,tabindex:10)
2023-11-06 10:18:19,592 [INFO] PluginManage:310 - Check plugin ipmanager
2023-11-06 10:18:19,598 [INFO] PluginManage:359 - Loaded plugin ipmanager (category:base,tabindex:5)
2023-11-06 10:18:19,598 [INFO] PluginManage:310 - Check plugin lpbam
2023-11-06 10:18:19,605 [INFO] PluginManage:359 - Loaded plugin lpbam (category:base,tabindex:0)
2023-11-06 10:18:19,605 [INFO] PluginManage:310 - Check plugin memorymap
2023-11-06 10:18:19,625 [INFO] PluginManage:359 - Loaded plugin memorymap (category:base,tabindex:4)
2023-11-06 10:18:19,626 [INFO] PluginManage:310 - Check plugin pinoutandconfiguration
2023-11-06 10:18:19,639 [INFO] PluginManage:359 - Loaded plugin pinoutandconfiguration (category:base,tabindex:1)
2023-11-06 10:18:19,639 [INFO] PluginManage:310 - Check plugin pinoutconfig
2023-11-06 10:18:19,796 [WARN] SupportedApi:132 - Cannot load RTOS API schema: s4s-elt-must-match.1: The content of 'definitions' must match (annotation?, (simpleType | complexType)?, (unique | key | keyref)*)). A problem was found starting at: attribute.
2023-11-06 10:18:19,943 [INFO] PluginManage:359 - Loaded plugin pinoutconfig (category:base,tabindex:0)
2023-11-06 10:18:19,943 [INFO] PluginManage:310 - Check plugin power
2023-11-06 10:18:19,957 [INFO] PluginManage:359 - Loaded plugin power (category:power,tabindex:4)
2023-11-06 10:18:19,957 [INFO] PluginManage:310 - Check plugin projectmanager
2023-11-06 10:18:19,980 [INFO] PluginManage:359 - Loaded plugin projectmanager (category:projectmanager,tabindex:3)
2023-11-06 10:18:19,981 [INFO] PluginManage:310 - Check plugin thirdparty
2023-11-06 10:18:20,188 [INFO] PluginManage:359 - Loaded plugin thirdparty (category:base,tabindex:-1)
2023-11-06 10:18:20,188 [INFO] PluginManage:310 - Check plugin tools
2023-11-06 10:18:20,188 [WARN] IntegrityCheckThread:84 - waiting for thirdparty lock release [integrity check]
2023-11-06 10:18:20,188 [INFO] IntegrityCheckThread:86 - entering critical section [integrity check]
2023-11-06 10:18:20,189 [INFO] ThirdPartyUpdaterWithRetryManager:70 - Updater plugin not ready yet. [1/15]
2023-11-06 10:18:20,192 [INFO] PluginManage:359 - Loaded plugin tools (category:base,tabindex:7)
2023-11-06 10:18:20,193 [INFO] PluginManage:310 - Check plugin tutovideos
2023-11-06 10:18:20,466 [INFO] PluginManage:359 - Loaded plugin tutovideos (category:base,tabindex:-1)
2023-11-06 10:18:20,466 [INFO] PluginManage:310 - Check plugin updater
2023-11-06 10:18:20,488 [INFO] PluginManage:359 - Loaded plugin updater (category:base,tabindex:12)
2023-11-06 10:18:20,488 [INFO] PluginManage:310 - Check plugin userauth
2023-11-06 10:18:20,498 [INFO] UserAuth:113 - Init User Auth plugin
2023-11-06 10:18:20,498 [INFO] PluginManage:359 - Loaded plugin userauth (category:base,tabindex:14)
2023-11-06 10:18:20,499 [INFO] PluginManage:283 - PluginManage : Loaded plugins [17]
2023-11-06 10:18:20,855 [INFO] PinOutPanel:1499 - setPackage(No Configuration,No Configuration)
2023-11-06 10:18:21,035 [INFO] CADModel:165 - CPN selected for project level
2023-11-06 10:18:21,036 [INFO] CADModel:114 - Register for checkConnection events
2023-11-06 10:18:21,072 [INFO] IPUIPlugin:80 - create IPUIPlugin
2023-11-06 10:18:21,073 [INFO] PluginManager:220 - loadIPPluginJar : add adc
2023-11-06 10:18:21,078 [INFO] IPUIPlugin:80 - create IPUIPlugin
2023-11-06 10:18:21,078 [INFO] PluginManager:220 - loadIPPluginJar : add aes
2023-11-06 10:18:21,084 [INFO] IPUIPlugin:80 - create IPUIPlugin
2023-11-06 10:18:21,085 [INFO] PluginManager:220 - loadIPPluginJar : add can
2023-11-06 10:18:21,088 [INFO] IPUIPlugin:80 - create IPUIPlugin
2023-11-06 10:18:21,089 [INFO] PluginManager:220 - loadIPPluginJar : add comp
2023-11-06 10:18:21,094 [INFO] IPUIPlugin:80 - create IPUIPlugin
2023-11-06 10:18:21,094 [INFO] PluginManager:220 - loadIPPluginJar : add cryp
2023-11-06 10:18:21,099 [INFO] IPUIPlugin:80 - create IPUIPlugin
2023-11-06 10:18:21,099 [INFO] PluginManager:220 - loadIPPluginJar : add dfsdm
2023-11-06 10:18:21,108 [INFO] IPUIPlugin:80 - create IPUIPlugin
2023-11-06 10:18:21,109 [INFO] PluginManager:220 - loadIPPluginJar : add dma
2023-11-06 10:18:21,114 [INFO] IPUIPlugin:80 - create IPUIPlugin
2023-11-06 10:18:21,114 [INFO] PluginManager:220 - loadIPPluginJar : add dma3
2023-11-06 10:18:21,117 [INFO] IPUIPlugin:80 - create IPUIPlugin
2023-11-06 10:18:21,118 [INFO] PluginManager:220 - loadIPPluginJar : add fatfs
2023-11-06 10:18:21,125 [INFO] IPUIPlugin:80 - create IPUIPlugin
2023-11-06 10:18:21,125 [INFO] PluginManager:220 - loadIPPluginJar : add fmc
2023-11-06 10:18:21,136 [INFO] IPUIPlugin:80 - create IPUIPlugin
2023-11-06 10:18:21,136 [INFO] PluginManager:220 - loadIPPluginJar : add freertos
2023-11-06 10:18:21,138 [INFO] IPUIPlugin:80 - create IPUIPlugin
2023-11-06 10:18:21,138 [INFO] PluginManager:220 - loadIPPluginJar : add genericplugin
2023-11-06 10:18:21,140 [INFO] IPUIPlugin:80 - create IPUIPlugin
2023-11-06 10:18:21,141 [INFO] PluginManager:220 - loadIPPluginJar : add gfxmmu
2023-11-06 10:18:21,147 [INFO] IPUIPlugin:80 - create IPUIPlugin
2023-11-06 10:18:21,147 [INFO] PluginManager:220 - loadIPPluginJar : add gic
2023-11-06 10:18:21,153 [INFO] IPUIPlugin:80 - create IPUIPlugin
2023-11-06 10:18:21,153 [INFO] PluginManager:220 - loadIPPluginJar : add gpio
2023-11-06 10:18:21,157 [INFO] IPUIPlugin:80 - create IPUIPlugin
2023-11-06 10:18:21,157 [INFO] PluginManager:220 - loadIPPluginJar : add gtzc
2023-11-06 10:18:21,160 [INFO] IPUIPlugin:80 - create IPUIPlugin
2023-11-06 10:18:21,160 [INFO] PluginManager:220 - loadIPPluginJar : add hash
2023-11-06 10:18:21,164 [INFO] IPUIPlugin:80 - create IPUIPlugin
2023-11-06 10:18:21,164 [INFO] PluginManager:220 - loadIPPluginJar : add i2c
2023-11-06 10:18:21,169 [INFO] IPUIPlugin:80 - create IPUIPlugin
2023-11-06 10:18:21,169 [INFO] PluginManager:220 - loadIPPluginJar : add i2s
2023-11-06 10:18:21,173 [INFO] IPUIPlugin:80 - create IPUIPlugin
2023-11-06 10:18:21,173 [INFO] PluginManager:220 - loadIPPluginJar : add i3c
2023-11-06 10:18:21,177 [INFO] IPUIPlugin:80 - create IPUIPlugin
2023-11-06 10:18:21,178 [INFO] PluginManager:220 - loadIPPluginJar : add ipddr
2023-11-06 10:18:21,189 [INFO] IPUIPlugin:80 - create IPUIPlugin
2023-11-06 10:18:21,190 [INFO] PluginManager:220 - loadIPPluginJar : add linkedlist
2023-11-06 10:18:21,194 [INFO] IPUIPlugin:80 - create IPUIPlugin
2023-11-06 10:18:21,194 [INFO] PluginManager:220 - loadIPPluginJar : add lorawan
2023-11-06 10:18:21,197 [INFO] IPUIPlugin:80 - create IPUIPlugin
2023-11-06 10:18:21,197 [INFO] PluginManager:220 - loadIPPluginJar : add ltdc
2023-11-06 10:18:21,206 [INFO] IPUIPlugin:80 - create IPUIPlugin
2023-11-06 10:18:21,207 [INFO] PluginManager:220 - loadIPPluginJar : add mdma
2023-11-06 10:18:21,212 [INFO] IPUIPlugin:80 - create IPUIPlugin
2023-11-06 10:18:21,213 [INFO] PluginManager:220 - loadIPPluginJar : add nvic
2023-11-06 10:18:21,218 [INFO] IPUIPlugin:80 - create IPUIPlugin
2023-11-06 10:18:21,218 [INFO] PluginManager:220 - loadIPPluginJar : add opamp
2023-11-06 10:18:21,224 [INFO] IPUIPlugin:80 - create IPUIPlugin
2023-11-06 10:18:21,224 [INFO] PluginManager:220 - loadIPPluginJar : add openamp
2023-11-06 10:18:21,229 [INFO] IPUIPlugin:80 - create IPUIPlugin
2023-11-06 10:18:21,229 [INFO] PluginManager:220 - loadIPPluginJar : add pdm2pcm
2023-11-06 10:18:21,240 [INFO] IPUIPlugin:80 - create IPUIPlugin
2023-11-06 10:18:21,245 [INFO] PluginManager:220 - loadIPPluginJar : add plateformsettings
2023-11-06 10:18:21,247 [INFO] IPUIPlugin:80 - create IPUIPlugin
2023-11-06 10:18:21,248 [INFO] PluginManager:220 - loadIPPluginJar : add quadspi
2023-11-06 10:18:21,253 [INFO] IPUIPlugin:80 - create IPUIPlugin
2023-11-06 10:18:21,253 [INFO] PluginManager:220 - loadIPPluginJar : add resmgrutility
2023-11-06 10:18:21,259 [INFO] IPUIPlugin:80 - create IPUIPlugin
2023-11-06 10:18:21,259 [INFO] PluginManager:220 - loadIPPluginJar : add sai
2023-11-06 10:18:21,262 [INFO] IPUIPlugin:80 - create IPUIPlugin
2023-11-06 10:18:21,262 [INFO] PluginManager:220 - loadIPPluginJar : add spi
2023-11-06 10:18:21,272 [INFO] IPUIPlugin:80 - create IPUIPlugin
2023-11-06 10:18:21,272 [INFO] PluginManager:220 - loadIPPluginJar : add stm32_wpan
2023-11-06 10:18:21,275 [INFO] IPUIPlugin:80 - create IPUIPlugin
2023-11-06 10:18:21,275 [INFO] PluginManager:220 - loadIPPluginJar : add tim
2023-11-06 10:18:21,280 [INFO] IPUIPlugin:80 - create IPUIPlugin
2023-11-06 10:18:21,281 [INFO] PluginManager:220 - loadIPPluginJar : add touchsensing
2023-11-06 10:18:21,285 [INFO] IPUIPlugin:80 - create IPUIPlugin
2023-11-06 10:18:21,285 [INFO] PluginManager:220 - loadIPPluginJar : add tracer_emb
2023-11-06 10:18:21,289 [INFO] IPUIPlugin:80 - create IPUIPlugin
2023-11-06 10:18:21,289 [INFO] PluginManager:220 - loadIPPluginJar : add ts
2023-11-06 10:18:21,292 [INFO] IPUIPlugin:80 - create IPUIPlugin
2023-11-06 10:18:21,292 [INFO] PluginManager:220 - loadIPPluginJar : add tsc
2023-11-06 10:18:21,295 [INFO] IPUIPlugin:80 - create IPUIPlugin
2023-11-06 10:18:21,296 [INFO] PluginManager:220 - loadIPPluginJar : add ucpd
2023-11-06 10:18:21,301 [INFO] IPUIPlugin:80 - create IPUIPlugin
2023-11-06 10:18:21,301 [INFO] PluginManager:220 - loadIPPluginJar : add usart
2023-11-06 10:18:21,306 [INFO] IPUIPlugin:80 - create IPUIPlugin
2023-11-06 10:18:21,306 [INFO] PluginManager:220 - loadIPPluginJar : add usbx
2023-11-06 10:18:21,464 [INFO] CADModel:165 - CPN selected for project level
2023-11-06 10:18:21,464 [INFO] CADModel:114 - Register for checkConnection events
2023-11-06 10:18:21,465 [FATAL] Updater:308 - Updater called before beeing initialized
2023-11-06 10:18:21,465 [ERROR] CADModel:125 - Updater not yet initialized, retry later 
2023-11-06 10:18:21,723 [INFO] CADModel:165 - CPN selected for project level
2023-11-06 10:18:21,723 [INFO] CADModel:114 - Register for checkConnection events
2023-11-06 10:18:21,723 [FATAL] Updater:308 - Updater called before beeing initialized
2023-11-06 10:18:21,723 [ERROR] CADModel:125 - Updater not yet initialized, retry later 
2023-11-06 10:18:21,729 [FATAL] Updater:308 - Updater called before beeing initialized
2023-11-06 10:18:21,945 [FATAL] Updater:308 - Updater called before beeing initialized
2023-11-06 10:18:21,954 [INFO] DbMcusAds:53 - JSON generation date=Tue Mar 07 03:50:55 EST 2023 (1678179055335)
2023-11-06 10:18:21,955 [FATAL] Updater:308 - Updater called before beeing initialized
2023-11-06 10:18:22,010 [WARN] DetailPanel:346 - Failed to get advertising image, set to default
2023-11-06 10:18:22,181 [FATAL] Updater:308 - Updater called before beeing initialized
2023-11-06 10:18:22,184 [FATAL] Updater:308 - Updater called before beeing initialized
2023-11-06 10:18:22,184 [FATAL] Updater:308 - Updater called before beeing initialized
2023-11-06 10:18:22,185 [WARN] DetailPanel:346 - Failed to get advertising image, set to default
2023-11-06 10:18:22,186 [FATAL] Updater:308 - Updater called before beeing initialized
2023-11-06 10:18:22,262 [ERROR] Updater:1120 - MainUpdater not yet initialized. External WinMGr cannot be set.
2023-11-06 10:18:22,265 [INFO] Updater:1056 - Updater Version found : 6.9.2
2023-11-06 10:18:22,292 [INFO] ApplicationProperties:184 - Using Application install path: C:\ST\STM32CubeIDE_1.13.2\STM32CubeIDE\plugins\com.st.stm32cube.common.mx_6.9.2.202309101412
2023-11-06 10:18:23,190 [INFO] ThirdPartyUpdaterWithRetryManager:70 - Updater plugin not ready yet. [2/15]
2023-11-06 10:18:23,261 [INFO] MainUpdater:2868 - connection check result : 10
2023-11-06 10:18:23,264 [INFO] MainUpdater:285 - Updater Check For Update Now.
2023-11-06 10:18:23,264 [INFO] MicroXplorer:498 - Change Database Version : DB.6.0.92
2023-11-06 10:18:23,278 [INFO] McuFinderGlobals:63 - Set McuFinder mode to 2 (CubeIDE integrated)
2023-11-06 10:18:23,544 [INFO] CheckServerUpdateThread:120 - End of CheckServer Thread
2023-11-06 10:18:26,485 [WARN] PackLoader:240 - Cannot read IP mode file for STMicroelectronics.X-CUBE-SMBUS.2.1.0
2023-11-06 10:18:26,554 [WARN] PackLoader:240 - Cannot read IP mode file for STMicroelectronics.X-CUBE-AZRTOS-F7.1.1.0
2023-11-06 10:18:26,575 [WARN] PackLoader:240 - Cannot read IP mode file for STMicroelectronics.FP-SNS-MOTENV1.4.3.2
2023-11-06 10:18:26,588 [WARN] PackLoader:240 - Cannot read IP mode file for STMicroelectronics.FP-SNS-FLIGHT1.5.0.2
2023-11-06 10:18:26,603 [WARN] PackLoader:240 - Cannot read IP mode file for STMicroelectronics.X-CUBE-DISPLAY.3.0.0
2023-11-06 10:18:26,622 [WARN] PackLoader:240 - Cannot read IP mode file for STMicroelectronics.X-CUBE-BLE1.7.0.0
2023-11-06 10:18:26,636 [WARN] PackLoader:240 - Cannot read IP mode file for emotas.I-CUBE-CANOPEN.1.3.0
2023-11-06 10:18:26,647 [WARN] PackLoader:240 - Cannot read IP mode file for STMicroelectronics.X-CUBE-TOUCHGFX.4.22.1
2023-11-06 10:18:26,656 [WARN] PackLoader:240 - Cannot read IP mode file for STMicroelectronics.FP-SNS-SMARTAG2.1.2.0
2023-11-06 10:18:26,675 [INFO] LogOutputStream:77 - [STDOUT_REDIRECT] 1 : Invalid condition id : UX_CORESTACK_Condition cause : null
2023-11-06 10:18:26,676 [INFO] LogOutputStream:77 - [STDOUT_REDIRECT] 1 : Invalid condition id : UX_CORESTACK_Condition cause : null
2023-11-06 10:18:26,678 [INFO] LogOutputStream:77 - [STDOUT_REDIRECT] 1 : Invalid condition id : UX_CORESTACK_Condition cause : null
2023-11-06 10:18:26,679 [INFO] LogOutputStream:77 - [STDOUT_REDIRECT] 1 : Invalid condition id : UX_CORESTACK_Condition cause : null
2023-11-06 10:18:26,680 [INFO] LogOutputStream:77 - [STDOUT_REDIRECT] 1 : Invalid condition id : UX_CORESTACK_Condition cause : null
2023-11-06 10:18:26,687 [WARN] PackLoader:240 - Cannot read IP mode file for STMicroelectronics.X-CUBE-AZRTOS-WL.2.0.0
2023-11-06 10:18:26,704 [WARN] PackLoader:240 - Cannot read IP mode file for WES.I-CUBE-Cesium.1.3.0
2023-11-06 10:18:26,715 [WARN] PackLoader:240 - Cannot read IP mode file for STMicroelectronics.X-CUBE-BLE2.3.3.0
2023-11-06 10:18:26,727 [WARN] PackLoader:240 - Cannot read IP mode file for STMicroelectronics.X-CUBE-ALGOBUILD.1.3.0
2023-11-06 10:18:26,756 [WARN] PackLoader:240 - Cannot read IP mode file for STMicroelectronics.X-CUBE-AZRTOS-G0.1.1.0
2023-11-06 10:18:26,767 [WARN] PackLoader:240 - Cannot read IP mode file for STMicroelectronics.X-CUBE-NFC4.3.0.0
2023-11-06 10:18:26,783 [WARN] PackLoader:240 - Cannot read IP mode file for STMicroelectronics.X-CUBE-BLEMGR.3.0.0
2023-11-06 10:18:26,791 [WARN] PackLoader:240 - Cannot read IP mode file for STMicroelectronics.FP-ATR-SIGFOX1.3.2.0
2023-11-06 10:18:26,837 [WARN] PackLoader:240 - Cannot read IP mode file for SEGGER.I-CUBE-embOS.1.3.1
2023-11-06 10:18:27,014 [WARN] PackLoader:240 - Cannot read IP mode file for STMicroelectronics.X-CUBE-GNSS1.6.0.0
2023-11-06 10:18:27,061 [WARN] PackLoader:240 - Cannot read IP mode file for STMicroelectronics.X-CUBE-AZRTOS-F4.1.1.0
2023-11-06 10:18:27,075 [WARN] PackLoader:240 - Cannot read IP mode file for wolfSSL.I-CUBE-wolfSSL.5.6.3
2023-11-06 10:18:27,106 [WARN] PackLoader:240 - Cannot read IP mode file for STMicroelectronics.X-CUBE-AZRTOS-L5.2.0.0
2023-11-06 10:18:27,119 [WARN] PackLoader:240 - Cannot read IP mode file for STMicroelectronics.X-CUBE-EEPRMA1.4.2.0
2023-11-06 10:18:27,128 [WARN] PackLoader:240 - Cannot read IP mode file for ITTIA_DB.I-CUBE-ITTIADB.8.8.0
2023-11-06 10:18:27,143 [WARN] PackLoader:240 - Cannot read IP mode file for STMicroelectronics.X-CUBE-BLEMGR.2.0.0
2023-11-06 10:18:27,189 [WARN] ConditionMgr:438 - getConditionDescription Invalid condition id : UX DEVICE CLASS RTOS Condition cause : null
2023-11-06 10:18:27,189 [WARN] ConditionMgr:438 - getConditionDescription Invalid condition id : UX DEVICE CLASS RTOS Condition cause : null
2023-11-06 10:18:27,194 [WARN] PackLoader:240 - Cannot read IP mode file for STMicroelectronics.X-CUBE-AZRTOS-H7.3.1.0
2023-11-06 10:18:27,197 [WARN] ConditionMgr:1039 - genDependencies : Invalid condition id : UX DEVICE CLASS RTOS Condition cause : null
2023-11-06 10:18:27,197 [WARN] ConditionMgr:1039 - genDependencies : Invalid condition id : UX DEVICE CLASS RTOS Condition cause : null
2023-11-06 10:18:27,198 [WARN] ConditionMgr:1039 - genDependencies : Invalid condition id : UX DEVICE CLASS RTOS Condition cause : null
2023-11-06 10:18:27,199 [WARN] ConditionMgr:1039 - genDependencies : Invalid condition id : UX DEVICE CLASS RTOS Condition cause : null
2023-11-06 10:18:27,199 [WARN] ConditionMgr:1039 - genDependencies : Invalid condition id : UX DEVICE CLASS RTOS Condition cause : null
2023-11-06 10:18:27,209 [WARN] PackLoader:240 - Cannot read IP mode file for STMicroelectronics.X-CUBE-NFC7.1.0.1
2023-11-06 10:18:27,220 [WARN] PackLoader:240 - Cannot read IP mode file for STMicroelectronics.X-CUBE-NFC6.3.0.0
2023-11-06 10:18:27,231 [WARN] PackLoader:240 - Cannot read IP mode file for STMicroelectronics.X-CUBE-EEPRMA1.4.1.0
2023-11-06 10:18:27,239 [WARN] PackLoader:240 - Cannot read IP mode file for STMicroelectronics.X-CUBE-AI.8.1.0
2023-11-06 10:18:27,269 [WARN] ConditionMgr:438 - getConditionDescription Invalid condition id : LAN8742 Phy interface Condition cause : null
2023-11-06 10:18:27,270 [WARN] PackLoader:240 - Cannot read IP mode file for STMicroelectronics.X-CUBE-AZRTOS-L4.2.0.0
2023-11-06 10:18:27,273 [WARN] ConditionMgr:1039 - genDependencies : Invalid condition id : LAN8742 Phy interface Condition cause : null
2023-11-06 10:18:27,273 [WARN] ConditionMgr:1039 - genDependencies : Invalid condition id : LAN8742 Phy interface Condition cause : null
2023-11-06 10:18:27,275 [WARN] ConditionMgr:1039 - genDependencies : Invalid condition id : LAN8742 Phy interface Condition cause : null
2023-11-06 10:18:27,295 [WARN] PackLoader:240 - Cannot read IP mode file for STMicroelectronics.X-CUBE-SFXS2LP1.4.0.0
2023-11-06 10:18:27,308 [WARN] PackLoader:240 - Cannot read IP mode file for STMicroelectronics.X-CUBE-ISPU.1.1.0
2023-11-06 10:18:27,326 [WARN] ConditionMgr:438 - getConditionDescription Invalid condition id : UX DEVICE CLASS RTOS Condition cause : null
2023-11-06 10:18:27,326 [WARN] ConditionMgr:438 - getConditionDescription Invalid condition id : UX DEVICE CLASS RTOS Condition cause : null
2023-11-06 10:18:27,328 [WARN] PackLoader:240 - Cannot read IP mode file for STMicroelectronics.X-CUBE-AZRTOS-WB.2.0.0
2023-11-06 10:18:27,329 [WARN] ConditionMgr:1039 - genDependencies : Invalid condition id : UX DEVICE CLASS RTOS Condition cause : null
2023-11-06 10:18:27,329 [WARN] ConditionMgr:1039 - genDependencies : Invalid condition id : UX DEVICE CLASS RTOS Condition cause : null
2023-11-06 10:18:27,330 [WARN] ConditionMgr:1039 - genDependencies : Invalid condition id : UX DEVICE CLASS RTOS Condition cause : null
2023-11-06 10:18:27,330 [WARN] ConditionMgr:1039 - genDependencies : Invalid condition id : UX DEVICE CLASS RTOS Condition cause : null
2023-11-06 10:18:27,330 [WARN] ConditionMgr:1039 - genDependencies : Invalid condition id : UX DEVICE CLASS RTOS Condition cause : null
2023-11-06 10:18:27,345 [WARN] PackLoader:240 - Cannot read IP mode file for STMicroelectronics.X-CUBE-SUBG2.5.0.0
2023-11-06 10:18:27,379 [WARN] PackLoader:240 - Cannot read IP mode file for STMicroelectronics.X-CUBE-TOF1.3.3.1
2023-11-06 10:18:27,424 [WARN] PackLoader:240 - Cannot read IP mode file for STMicroelectronics.X-CUBE-AZRTOS-G4.2.0.0
2023-11-06 10:18:27,448 [WARN] PackLoader:240 - Cannot read IP mode file for Infineon.AIROC-Wi-Fi-Bluetooth-STM32.1.5.1
2023-11-06 10:18:27,513 [WARN] PackLoader:240 - Cannot read IP mode file for STMicroelectronics.X-CUBE-MEMS1.10.0.0
2023-11-06 10:18:27,721 [WARN] PackLoader:240 - Cannot read IP mode file for STMicroelectronics.X-CUBE-FREERTOS.1.1.0
2023-11-06 10:18:27,733 [WARN] PackLoader:240 - Cannot read IP mode file for portGmbH.I-Cube-SoM-uGOAL.1.1.0
2023-11-06 10:18:27,743 [WARN] PackLoader:240 - Cannot read IP mode file for STMicroelectronics.X-CUBE-ALS.1.0.1
2023-11-06 10:18:27,753 [WARN] PackLoader:240 - Cannot read IP mode file for STMicroelectronics.FP-ATR-ASTRA1.2.0.0
2023-11-06 10:18:27,754 [INFO] ThirdParty:978 - Integrity check success = true
2023-11-06 10:18:27,755 [INFO] IntegrityCheckThread:100 - exiting critical section [integrity check]
2023-11-06 10:18:27,755 [INFO] IntegrityCheckThread:103 - End integrity checks thread
2023-11-06 10:18:46,052 [ERROR] LogOutputStream:75 - [STDERR_REDIRECT] SLF4J: Failed to load class "org.slf4j.impl.StaticLoggerBinder".
2023-11-06 10:18:46,053 [ERROR] LogOutputStream:75 - [STDERR_REDIRECT] SLF4J: Defaulting to no-operation (NOP) logger implementation
2023-11-06 10:18:46,055 [ERROR] LogOutputStream:75 - [STDERR_REDIRECT] SLF4J: See http://www.slf4j.org/codes.html#StaticLoggerBinder for further details.
